#
# There is insufficient memory for the Java Runtime Environment to continue.
# Native memory allocation (malloc) failed to allocate 32744 bytes for ChunkPool::allocate
# Possible reasons:
#   The system is out of physical RAM or swap space
#   The process is running with CompressedOops enabled, and the Java Heap may be blocking the growth of the native heap
# Possible solutions:
#   Reduce memory load on the system
#   Increase physical memory or swap space
#   Check if swap backing store is full
#   Decrease Java heap size (-Xmx/-Xms)
#   Decrease number of Java threads
#   Decrease Java thread stack sizes (-Xss)
#   Set larger code cache with -XX:ReservedCodeCacheSize=
#   JVM is running with Unscaled Compressed Oops mode in which the Java heap is
#     placed in the first 4GB address space. The Java Heap base address is the
#     maximum limit for the native heap growth. Please use -XX:HeapBaseMinAddress
#     to set the Java Heap base and to place the Java Heap above 4GB virtual address.
# This output file may be truncated or incomplete.
#
#  Out of Memory Error (allocation.cpp:272), pid=9600, tid=0x00000000000025dc
#
# JRE version: OpenJDK Runtime Environment (8.0_242-b01) (build 1.8.0_242-release-1644-b01)
# Java VM: OpenJDK 64-Bit Server VM (25.242-b01 mixed mode windows-amd64 compressed oops)
# Failed to write core dump. Minidumps are not enabled by default on client versions of Windows
#

---------------  T H R E A D  ---------------

Current thread (0x00000000196b0000):  JavaThread "C1 CompilerThread3" daemon [_thread_in_native, id=9692, stack(0x000000001a270000,0x000000001a370000)]

Stack: [0x000000001a270000,0x000000001a370000]
[error occurred during error reporting (printing stack bounds), id 0xc0000005]

Native frames: (J=compiled Java code, j=interpreted, Vv=VM code, C=native code)


Current CompileTask:
C1:  19432 12709       2       com.android.tools.r8.dex.n::d (498 bytes)


---------------  P R O C E S S  ---------------

Java Threads: ( => current thread )
  0x000000001fd09000 JavaThread "ForkJoinPool-1-worker-0" daemon [_thread_blocked, id=6108, stack(0x00000000321c0000,0x00000000322c0000)]
  0x000000001fd08800 JavaThread "ForkJoinPool-1-worker-7" daemon [_thread_blocked, id=2580, stack(0x00000000320c0000,0x00000000321c0000)]
  0x000000001fd07800 JavaThread "ForkJoinPool-1-worker-6" daemon [_thread_in_Java, id=5208, stack(0x0000000031fc0000,0x00000000320c0000)]
  0x000000001fd07000 JavaThread "ForkJoinPool-1-worker-5" daemon [_thread_in_Java, id=12492, stack(0x0000000031ec0000,0x0000000031fc0000)]
  0x000000001fcff800 JavaThread "ForkJoinPool-1-worker-4" daemon [_thread_blocked, id=13512, stack(0x0000000031dc0000,0x0000000031ec0000)]
  0x000000001fd06000 JavaThread "ForkJoinPool-1-worker-3" daemon [_thread_blocked, id=6868, stack(0x0000000031cc0000,0x0000000031dc0000)]
  0x000000001fcfe800 JavaThread "ForkJoinPool-1-worker-2" daemon [_thread_blocked, id=10128, stack(0x0000000031bc0000,0x0000000031cc0000)]
  0x000000001fd05800 JavaThread "ForkJoinPool-1-worker-1" daemon [_thread_in_Java, id=5368, stack(0x0000000031ac0000,0x0000000031bc0000)]
  0x000000001fd04000 JavaThread "WorkerExecutor Queue Thread 10" [_thread_blocked, id=11648, stack(0x000000002e6f0000,0x000000002e7f0000)]
  0x000000001fd03000 JavaThread "WorkerExecutor Queue Thread 9" [_thread_blocked, id=9676, stack(0x000000002e5f0000,0x000000002e6f0000)]
  0x000000001fcfb800 JavaThread "WorkerExecutor Queue Thread 8" [_thread_blocked, id=10356, stack(0x000000002e4f0000,0x000000002e5f0000)]
  0x000000001fd01000 JavaThread "WorkerExecutor Queue Thread 7" [_thread_blocked, id=1712, stack(0x000000002e3f0000,0x000000002e4f0000)]
  0x000000001fd00000 JavaThread "WorkerExecutor Queue Thread 6" [_thread_blocked, id=6860, stack(0x000000002e2f0000,0x000000002e3f0000)]
  0x000000001fcfc800 JavaThread "WorkerExecutor Queue Thread 5" [_thread_blocked, id=12988, stack(0x000000002e1f0000,0x000000002e2f0000)]
  0x000000001fd01800 JavaThread "WorkerExecutor Queue Thread 4" [_thread_blocked, id=11212, stack(0x000000002dde0000,0x000000002dee0000)]
  0x00000000218e3000 JavaThread "Cache worker for Java compile cache (C:\Users\Ankit kumar\AndroidStudioProjects\SignUpandIn\.gradle\6.5\javaCompile)" [_thread_blocked, id=7512, stack(0x000000002d8e0000,0x000000002d9e0000)]
  0x00000000218e5800 JavaThread "Cache worker for Java compile cache (C:\Users\Ankit kumar\.gradle\caches\6.5\javaCompile)" [_thread_blocked, id=10672, stack(0x000000002caf0000,0x000000002cbf0000)]
  0x00000000218e2800 JavaThread "stdout" [_thread_in_native, id=1924, stack(0x000000002d5e0000,0x000000002d6e0000)]
  0x00000000218e1800 JavaThread "stderr" [_thread_in_native, id=8432, stack(0x000000002d4e0000,0x000000002d5e0000)]
  0x00000000218e1000 JavaThread "pool-2-thread-1" [_thread_blocked, id=8056, stack(0x000000002d3e0000,0x000000002d4e0000)]
  0x00000000218d9800 JavaThread "WorkerExecutor Queue Thread 2" [_thread_in_native, id=11912, stack(0x000000002d2e0000,0x000000002d3e0000)]
  0x00000000218dd000 JavaThread "Cache worker for execution history cache (C:\Users\Ankit kumar\AndroidStudioProjects\SignUpandIn\.gradle\6.5\executionHistory)" [_thread_blocked, id=8588, stack(0x000000002bff0000,0x000000002c0f0000)]
  0x00000000218de000 JavaThread "Execution worker for ':' Thread 7" [_thread_blocked, id=11588, stack(0x000000002c9f0000,0x000000002caf0000)]
  0x00000000218de800 JavaThread "Execution worker for ':' Thread 6" [_thread_blocked, id=7720, stack(0x000000002c8f0000,0x000000002c9f0000)]
  0x00000000218dc800 JavaThread "Execution worker for ':' Thread 5" [_thread_blocked, id=12592, stack(0x000000002c7f0000,0x000000002c8f0000)]
  0x00000000218db800 JavaThread "Execution worker for ':' Thread 4" [_thread_blocked, id=14188, stack(0x000000002c6f0000,0x000000002c7f0000)]
  0x00000000218d7000 JavaThread "Execution worker for ':' Thread 3" [_thread_blocked, id=9608, stack(0x000000002c5f0000,0x000000002c6f0000)]
  0x00000000218db000 JavaThread "Execution worker for ':' Thread 2" [_thread_blocked, id=13540, stack(0x000000002c4f0000,0x000000002c5f0000)]
  0x00000000218d8800 JavaThread "Execution worker for ':'" [_thread_blocked, id=6064, stack(0x000000002c180000,0x000000002c280000)]
  0x00000000218d6800 JavaThread "Cache worker for file content cache (C:\Users\Ankit kumar\AndroidStudioProjects\SignUpandIn\.gradle\6.5\fileContent)" [_thread_blocked, id=11704, stack(0x000000002a9c0000,0x000000002aac0000)]
  0x00000000218da000 JavaThread "Memory manager" [_thread_blocked, id=11996, stack(0x000000002a0a0000,0x000000002a1a0000)]
  0x000000001c2d2800 JavaThread "pool-1-thread-1" [_thread_blocked, id=3592, stack(0x0000000029ac0000,0x0000000029bc0000)]
  0x000000001c2d1800 JavaThread "Cache worker for Build Output Cleanup Cache (C:\Users\Ankit kumar\AndroidStudioProjects\SignUpandIn\.gradle\buildOutputCleanup)" [_thread_blocked, id=10292, stack(0x0000000027c30000,0x0000000027d30000)]
  0x000000001c2d1000 JavaThread "jar transforms Thread 92" [_thread_blocked, id=8328, stack(0x00000000297c0000,0x00000000298c0000)]
  0x000000001c2cf800 JavaThread "jar transforms Thread 91" [_thread_blocked, id=13848, stack(0x00000000296c0000,0x00000000297c0000)]
  0x000000001c2ce800 JavaThread "jar transforms Thread 90" [_thread_blocked, id=9044, stack(0x00000000295c0000,0x00000000296c0000)]
  0x000000001c2c7000 JavaThread "jar transforms Thread 89" [_thread_blocked, id=5424, stack(0x00000000294c0000,0x00000000295c0000)]
  0x000000001c2ce000 JavaThread "jar transforms Thread 88" [_thread_blocked, id=3844, stack(0x00000000293c0000,0x00000000294c0000)]
  0x000000001c2c6800 JavaThread "jar transforms Thread 87" [_thread_blocked, id=11488, stack(0x00000000292c0000,0x00000000293c0000)]
  0x000000001c2cd000 JavaThread "jar transforms Thread 86" [_thread_blocked, id=8120, stack(0x00000000291c0000,0x00000000292c0000)]
  0x000000001c2cb800 JavaThread "jar transforms Thread 85" [_thread_blocked, id=13120, stack(0x00000000290c0000,0x00000000291c0000)]
  0x000000001c2c5800 JavaThread "jar transforms Thread 84" [_thread_blocked, id=12584, stack(0x0000000028fc0000,0x00000000290c0000)]
  0x000000001c2c8800 JavaThread "jar transforms Thread 83" [_thread_blocked, id=9820, stack(0x0000000028ec0000,0x0000000028fc0000)]
  0x000000001c2cc800 JavaThread "jar transforms Thread 82" [_thread_blocked, id=6640, stack(0x0000000028dc0000,0x0000000028ec0000)]
  0x000000001c2cb000 JavaThread "jar transforms Thread 81" [_thread_blocked, id=9596, stack(0x0000000028cc0000,0x0000000028dc0000)]
  0x000000001c2ca000 JavaThread "jar transforms Thread 80" [_thread_blocked, id=9716, stack(0x0000000028bc0000,0x0000000028cc0000)]
  0x000000001c2c5000 JavaThread "jar transforms Thread 79" [_thread_blocked, id=10960, stack(0x0000000028ac0000,0x0000000028bc0000)]
  0x000000001c2c4000 JavaThread "jar transforms Thread 78" [_thread_blocked, id=1688, stack(0x00000000289c0000,0x0000000028ac0000)]
  0x000000001c2c3800 JavaThread "jar transforms Thread 77" [_thread_blocked, id=9624, stack(0x00000000288c0000,0x00000000289c0000)]
  0x000000001c2c9800 JavaThread "jar transforms Thread 76" [_thread_blocked, id=13280, stack(0x00000000287c0000,0x00000000288c0000)]
  0x000000001c2c8000 JavaThread "jar transforms Thread 75" [_thread_blocked, id=10164, stack(0x00000000286c0000,0x00000000287c0000)]
  0x000000001ebd1000 JavaThread "jar transforms Thread 74" [_thread_blocked, id=10008, stack(0x00000000285c0000,0x00000000286c0000)]
  0x000000001ebcf800 JavaThread "jar transforms Thread 73" [_thread_blocked, id=6188, stack(0x00000000284c0000,0x00000000285c0000)]
  0x000000001ebce000 JavaThread "jar transforms Thread 72" [_thread_blocked, id=12020, stack(0x00000000283c0000,0x00000000284c0000)]
  0x000000001ebcb000 JavaThread "jar transforms Thread 71" [_thread_blocked, id=10148, stack(0x00000000282c0000,0x00000000283c0000)]
  0x000000001ebce800 JavaThread "jar transforms Thread 70" [_thread_blocked, id=3220, stack(0x00000000281c0000,0x00000000282c0000)]
  0x000000001ebd0000 JavaThread "jar transforms Thread 69" [_thread_blocked, id=10792, stack(0x00000000280c0000,0x00000000281c0000)]
  0x000000001ebd1800 JavaThread "jar transforms Thread 68" [_thread_blocked, id=2796, stack(0x0000000027fc0000,0x00000000280c0000)]
  0x000000001ebcd000 JavaThread "jar transforms Thread 67" [_thread_blocked, id=3868, stack(0x0000000027ec0000,0x0000000027fc0000)]
  0x000000001ebcb800 JavaThread "jar transforms Thread 66" [_thread_blocked, id=4132, stack(0x0000000027dc0000,0x0000000027ec0000)]
  0x000000001ebcc800 JavaThread "jar transforms Thread 65" [_thread_blocked, id=14108, stack(0x00000000239d0000,0x0000000023ad0000)]
  0x000000001ebca000 JavaThread "jar transforms Thread 64" [_thread_blocked, id=9320, stack(0x0000000027b30000,0x0000000027c30000)]
  0x000000001ebc3800 JavaThread "jar transforms Thread 63" [_thread_blocked, id=3708, stack(0x0000000027a30000,0x0000000027b30000)]
  0x000000001ebc9800 JavaThread "jar transforms Thread 62" [_thread_blocked, id=10772, stack(0x0000000027930000,0x0000000027a30000)]
  0x000000001ebc8800 JavaThread "jar transforms Thread 61" [_thread_blocked, id=9940, stack(0x0000000027830000,0x0000000027930000)]
  0x000000001ebc7000 JavaThread "jar transforms Thread 60" [_thread_blocked, id=10136, stack(0x0000000027730000,0x0000000027830000)]
  0x000000001ebc6800 JavaThread "jar transforms Thread 59" [_thread_blocked, id=2724, stack(0x0000000027630000,0x0000000027730000)]
  0x000000001ebc5000 JavaThread "jar transforms Thread 58" [_thread_blocked, id=7972, stack(0x0000000027530000,0x0000000027630000)]
  0x000000001ebc4000 JavaThread "jar transforms Thread 57" [_thread_blocked, id=6232, stack(0x0000000027430000,0x0000000027530000)]
  0x000000001ebc2800 JavaThread "jar transforms Thread 56" [_thread_blocked, id=4496, stack(0x0000000027330000,0x0000000027430000)]
  0x000000001ebc5800 JavaThread "jar transforms Thread 55" [_thread_blocked, id=6412, stack(0x0000000027230000,0x0000000027330000)]
  0x000000001ebc8000 JavaThread "jar transforms Thread 54" [_thread_blocked, id=3100, stack(0x0000000027130000,0x0000000027230000)]
  0x000000002142c000 JavaThread "jar transforms Thread 53" [_thread_blocked, id=10800, stack(0x0000000027030000,0x0000000027130000)]
  0x000000002142f800 JavaThread "jar transforms Thread 52" [_thread_blocked, id=8000, stack(0x0000000026f30000,0x0000000027030000)]
  0x000000002142a800 JavaThread "jar transforms Thread 51" [_thread_blocked, id=5492, stack(0x0000000026e30000,0x0000000026f30000)]
  0x0000000021428000 JavaThread "jar transforms Thread 50" [_thread_blocked, id=6724, stack(0x0000000026d30000,0x0000000026e30000)]
  0x000000002142c800 JavaThread "jar transforms Thread 49" [_thread_blocked, id=13172, stack(0x0000000026c30000,0x0000000026d30000)]
  0x000000002142e000 JavaThread "jar transforms Thread 48" [_thread_blocked, id=2560, stack(0x0000000026b30000,0x0000000026c30000)]
  0x000000002142f000 JavaThread "jar transforms Thread 47" [_thread_blocked, id=9296, stack(0x0000000026a30000,0x0000000026b30000)]
  0x0000000021427800 JavaThread "jar transforms Thread 46" [_thread_blocked, id=3388, stack(0x0000000026930000,0x0000000026a30000)]
  0x0000000021429800 JavaThread "jar transforms Thread 45" [_thread_blocked, id=9444, stack(0x0000000026830000,0x0000000026930000)]
  0x000000002142d800 JavaThread "jar transforms Thread 44" [_thread_blocked, id=1216, stack(0x0000000026730000,0x0000000026830000)]
  0x0000000021426000 JavaThread "jar transforms Thread 43" [_thread_blocked, id=3008, stack(0x0000000026630000,0x0000000026730000)]
  0x0000000021429000 JavaThread "jar transforms Thread 42" [_thread_blocked, id=2972, stack(0x0000000026530000,0x0000000026630000)]
  0x000000002142b000 JavaThread "jar transforms Thread 41" [_thread_blocked, id=1400, stack(0x0000000026430000,0x0000000026530000)]
  0x0000000021420800 JavaThread "jar transforms Thread 40" [_thread_blocked, id=5868, stack(0x0000000026330000,0x0000000026430000)]
  0x0000000021425000 JavaThread "jar transforms Thread 39" [_thread_blocked, id=7180, stack(0x0000000026230000,0x0000000026330000)]
  0x0000000021423000 JavaThread "jar transforms Thread 38" [_thread_blocked, id=7076, stack(0x0000000026130000,0x0000000026230000)]
  0x0000000021426800 JavaThread "jar transforms Thread 37" [_thread_blocked, id=7712, stack(0x0000000026030000,0x0000000026130000)]
  0x0000000021424800 JavaThread "jar transforms Thread 36" [_thread_blocked, id=10084, stack(0x0000000025f30000,0x0000000026030000)]
  0x0000000021422000 JavaThread "jar transforms Thread 35" [_thread_blocked, id=7644, stack(0x0000000025e30000,0x0000000025f30000)]
  0x0000000021421800 JavaThread "jar transforms Thread 34" [_thread_blocked, id=1768, stack(0x0000000025d30000,0x0000000025e30000)]
  0x0000000021423800 JavaThread "jar transforms Thread 33" [_thread_blocked, id=5388, stack(0x0000000025c30000,0x0000000025d30000)]
  0x00000000213b7000 JavaThread "jar transforms Thread 32" [_thread_blocked, id=12364, stack(0x0000000025b30000,0x0000000025c30000)]
  0x00000000213b6000 JavaThread "jar transforms Thread 31" [_thread_blocked, id=10484, stack(0x0000000025a30000,0x0000000025b30000)]
  0x00000000213b7800 JavaThread "jar transforms Thread 30" [_thread_blocked, id=11332, stack(0x0000000025930000,0x0000000025a30000)]
  0x00000000213b5800 JavaThread "jar transforms Thread 29" [_thread_blocked, id=10168, stack(0x0000000025830000,0x0000000025930000)]
  0x00000000213b4800 JavaThread "jar transforms Thread 28" [_thread_blocked, id=7424, stack(0x0000000025730000,0x0000000025830000)]
  0x00000000213b4000 JavaThread "jar transforms Thread 27" [_thread_blocked, id=7252, stack(0x0000000025630000,0x0000000025730000)]
  0x00000000213b3000 JavaThread "jar transforms Thread 26" [_thread_blocked, id=3552, stack(0x0000000025530000,0x0000000025630000)]
  0x00000000213b2800 JavaThread "jar transforms Thread 25" [_thread_blocked, id=5844, stack(0x0000000025430000,0x0000000025530000)]
  0x00000000213ab000 JavaThread "jar transforms Thread 24" [_thread_blocked, id=7864, stack(0x0000000025330000,0x0000000025430000)]
  0x00000000213b1800 JavaThread "jar transforms Thread 23" [_thread_blocked, id=8052, stack(0x0000000025230000,0x0000000025330000)]
  0x00000000213aa000 JavaThread "jar transforms Thread 22" [_thread_blocked, id=9560, stack(0x0000000025130000,0x0000000025230000)]
  0x00000000213b0000 JavaThread "jar transforms Thread 21" [_thread_blocked, id=6644, stack(0x0000000025030000,0x0000000025130000)]
  0x00000000213b1000 JavaThread "jar transforms Thread 20" [_thread_blocked, id=5568, stack(0x0000000024f30000,0x0000000025030000)]
  0x00000000213a8800 JavaThread "jar transforms Thread 19" [_thread_blocked, id=12340, stack(0x0000000024e30000,0x0000000024f30000)]
  0x00000000213af800 JavaThread "jar transforms Thread 18" [_thread_blocked, id=11728, stack(0x0000000024d30000,0x0000000024e30000)]
  0x00000000213ad000 JavaThread "jar transforms Thread 17" [_thread_blocked, id=8168, stack(0x0000000024c30000,0x0000000024d30000)]
  0x00000000213ae000 JavaThread "jar transforms Thread 16" [_thread_blocked, id=10820, stack(0x0000000024b30000,0x0000000024c30000)]
  0x00000000213ae800 JavaThread "jar transforms Thread 15" [_thread_blocked, id=12572, stack(0x0000000024a30000,0x0000000024b30000)]
  0x00000000213ac800 JavaThread "jar transforms Thread 14" [_thread_blocked, id=4600, stack(0x0000000024930000,0x0000000024a30000)]
  0x00000000213a9800 JavaThread "jar transforms Thread 13" [_thread_blocked, id=5292, stack(0x0000000024830000,0x0000000024930000)]
  0x00000000213ab800 JavaThread "jar transforms Thread 12" [_thread_blocked, id=8332, stack(0x0000000024730000,0x0000000024830000)]
  0x000000001b6a9800 JavaThread "jar transforms Thread 11" [_thread_blocked, id=2684, stack(0x0000000024630000,0x0000000024730000)]
  0x000000001b6a8000 JavaThread "jar transforms Thread 10" [_thread_blocked, id=9852, stack(0x0000000024530000,0x0000000024630000)]
  0x000000001b6ab800 JavaThread "jar transforms Thread 9" [_thread_blocked, id=12180, stack(0x0000000024430000,0x0000000024530000)]
  0x000000001b6ab000 JavaThread "jar transforms Thread 8" [_thread_blocked, id=13984, stack(0x0000000024330000,0x0000000024430000)]
  0x000000001b6aa000 JavaThread "jar transforms Thread 7" [_thread_blocked, id=2028, stack(0x0000000024230000,0x0000000024330000)]
  0x000000001b6ac800 JavaThread "jar transforms Thread 6" [_thread_blocked, id=14160, stack(0x0000000024130000,0x0000000024230000)]
  0x000000001b6ad000 JavaThread "jar transforms Thread 5" [_thread_blocked, id=10880, stack(0x0000000024030000,0x0000000024130000)]
  0x000000001b6a8800 JavaThread "jar transforms Thread 4" [_thread_blocked, id=12016, stack(0x0000000023f30000,0x0000000024030000)]
  0x000000001b6a0800 JavaThread "jar transforms Thread 3" [_thread_blocked, id=1612, stack(0x0000000023e30000,0x0000000023f30000)]
  0x000000001b6a7000 JavaThread "jar transforms Thread 2" [_thread_blocked, id=11188, stack(0x0000000023d30000,0x0000000023e30000)]
  0x000000001b6a6800 JavaThread "Build operations Thread 8" [_thread_blocked, id=8164, stack(0x00000000237d0000,0x00000000238d0000)]
  0x000000001b6a5800 JavaThread "Build operations Thread 7" [_thread_blocked, id=10796, stack(0x00000000236d0000,0x00000000237d0000)]
  0x000000001b69e000 JavaThread "Build operations Thread 6" [_thread_blocked, id=7840, stack(0x00000000235d0000,0x00000000236d0000)]
  0x000000001b6a2800 JavaThread "Build operations Thread 5" [_thread_blocked, id=10756, stack(0x00000000234d0000,0x00000000235d0000)]
  0x000000001b6a3800 JavaThread "Build operations Thread 4" [_thread_blocked, id=13884, stack(0x00000000233d0000,0x00000000234d0000)]
  0x000000001b6a5000 JavaThread "Build operations Thread 3" [_thread_blocked, id=11280, stack(0x00000000232d0000,0x00000000233d0000)]
  0x000000001b69f800 JavaThread "Build operations Thread 2" [_thread_blocked, id=10648, stack(0x00000000231d0000,0x00000000232d0000)]
  0x000000001b6a1000 JavaThread "Build operations" [_thread_blocked, id=12032, stack(0x00000000230d0000,0x00000000231d0000)]
  0x000000001c24c000 JavaThread "Cache worker for file content cache (C:\Users\Ankit kumar\.gradle\caches\6.5\fileContent)" [_thread_blocked, id=8824, stack(0x00000000229d0000,0x0000000022ad0000)]
  0x000000001c24a800 JavaThread "jar transforms" [_thread_blocked, id=10252, stack(0x00000000228d0000,0x00000000229d0000)]
  0x000000001c24b800 JavaThread "Cache worker for execution history cache (C:\Users\Ankit kumar\.gradle\caches\6.5\executionHistory)" [_thread_blocked, id=10988, stack(0x00000000221d0000,0x00000000222d0000)]
  0x000000001c250800 JavaThread "Cache worker for cache directory md-rule (C:\Users\Ankit kumar\.gradle\caches\6.5\md-rule)" [_thread_blocked, id=7028, stack(0x00000000220d0000,0x00000000221d0000)]
  0x000000001c24f000 JavaThread "Cache worker for cache directory md-supplier (C:\Users\Ankit kumar\.gradle\caches\6.5\md-supplier)" [_thread_blocked, id=13756, stack(0x0000000020f20000,0x0000000021020000)]
  0x000000001c24d800 JavaThread "Cache worker for checksums cache (C:\Users\Ankit kumar\AndroidStudioProjects\SignUpandIn\.gradle\checksums)" [_thread_blocked, id=14320, stack(0x0000000020b60000,0x0000000020c60000)]
  0x000000001c251800 JavaThread "Cache worker for file hash cache (C:\Users\Ankit kumar\AndroidStudioProjects\SignUpandIn\.gradle\6.5\fileHashes)" [_thread_blocked, id=11000, stack(0x000000001e690000,0x000000001e790000)]
  0x000000001c250000 JavaThread "Cache worker for file hash cache (C:\Users\Ankit kumar\.gradle\caches\6.5\fileHashes)" [_thread_blocked, id=6068, stack(0x000000001e590000,0x000000001e690000)]
  0x000000001c24d000 JavaThread "File lock request listener" [_thread_in_native, id=13360, stack(0x000000001e490000,0x000000001e590000)]
  0x000000001c528800 JavaThread "Cache worker for journal cache (C:\Users\Ankit kumar\.gradle\caches\journal-1)" [_thread_blocked, id=9880, stack(0x000000001e390000,0x000000001e490000)]
  0x000000001b8d2800 JavaThread "Thread-9" [_thread_blocked, id=7324, stack(0x000000001e090000,0x000000001e190000)]
  0x000000001bf98800 JavaThread "Stdin handler" [_thread_blocked, id=3872, stack(0x000000001df90000,0x000000001e090000)]
  0x000000001a9aa000 JavaThread "Asynchronous log dispatcher for DefaultDaemonConnection: socket connection from /127.0.0.1:52059 to /127.0.0.1:52060" [_thread_blocked, id=11736, stack(0x000000001de90000,0x000000001df90000)]
  0x000000001bcbb800 JavaThread "Daemon worker" [_thread_blocked, id=4952, stack(0x000000001dd90000,0x000000001de90000)]
  0x000000001bcb9800 JavaThread "Cancel handler" [_thread_blocked, id=10476, stack(0x000000001dc90000,0x000000001dd90000)]
  0x000000001a8d9000 JavaThread "Handler for socket connection from /127.0.0.1:52059 to /127.0.0.1:52060" [_thread_in_native, id=4996, stack(0x000000001d990000,0x000000001da90000)]
  0x000000001a71f800 JavaThread "Daemon" [_thread_blocked, id=12648, stack(0x000000001d890000,0x000000001d990000)]
  0x000000001ba8c000 JavaThread "Daemon periodic checks" [_thread_blocked, id=3048, stack(0x000000001d790000,0x000000001d890000)]
  0x000000001ba9c800 JavaThread "Incoming local TCP Connector on port 52059" [_thread_in_native, id=7928, stack(0x000000001d550000,0x000000001d650000)]
  0x00000000197c4000 JavaThread "Daemon health stats" [_thread_blocked, id=8864, stack(0x000000001cf10000,0x000000001d010000)]
  0x00000000196c2800 JavaThread "Service Thread" daemon [_thread_blocked, id=10072, stack(0x000000001a370000,0x000000001a470000)]
=>0x00000000196b0000 JavaThread "C1 CompilerThread3" daemon [_thread_in_native, id=9692, stack(0x000000001a270000,0x000000001a370000)]
  0x00000000196ab000 JavaThread "C2 CompilerThread2" daemon [_thread_in_native, id=12216, stack(0x000000001a170000,0x000000001a270000)]
  0x00000000196a7800 JavaThread "C2 CompilerThread1" daemon [_thread_in_native, id=8612, stack(0x000000001a070000,0x000000001a170000)]
  0x00000000196a4800 JavaThread "C2 CompilerThread0" daemon [_thread_in_native, id=11852, stack(0x0000000019f70000,0x000000001a070000)]
  0x00000000196a3000 JavaThread "Attach Listener" daemon [_thread_blocked, id=11168, stack(0x0000000019e70000,0x0000000019f70000)]
  0x00000000196a2000 JavaThread "Signal Dispatcher" daemon [_thread_blocked, id=836, stack(0x0000000019d70000,0x0000000019e70000)]
  0x0000000019691800 JavaThread "Finalizer" daemon [_thread_blocked, id=468, stack(0x0000000019b70000,0x0000000019c70000)]
  0x0000000019690800 JavaThread "Reference Handler" daemon [_thread_blocked, id=2980, stack(0x0000000019a70000,0x0000000019b70000)]
  0x00000000024fe800 JavaThread "main" [_thread_blocked, id=10288, stack(0x00000000025f0000,0x00000000026f0000)]

Other Threads:
  0x0000000017856000 VMThread [stack: 0x0000000019570000,0x0000000019670000] [id=9992]
  0x00000000196c3800 WatcherThread [stack: 0x000000001a470000,0x000000001a570000] [id=8024]

VM state:not at safepoint (normal execution)

VM Mutex/Monitor currently owned by a thread: None

heap address: 0x0000000080000000, size: 2048 MB, Compressed Oops mode: 32-bit
Narrow klass base: 0x0000000000000000, Narrow klass shift: 3
Compressed class space size: 1073741824 Address: 0x0000000100000000

Heap:
 PSYoungGen      total 253952K, used 41015K [0x00000000d5580000, 0x00000000e6800000, 0x0000000100000000)
  eden space 235520K, 9% used [0x00000000d5580000,0x00000000d6b91330,0x00000000e3b80000)
  from space 18432K, 99% used [0x00000000e5600000,0x00000000e67fc968,0x00000000e6800000)
  to   space 22528K, 0% used [0x00000000e3c00000,0x00000000e3c00000,0x00000000e5200000)
 ParOldGen       total 120832K, used 75792K [0x0000000080000000, 0x0000000087600000, 0x00000000d5580000)
  object space 120832K, 62% used [0x0000000080000000,0x0000000084a041f0,0x0000000087600000)
 Metaspace       used 87160K, capacity 93222K, committed 93336K, reserved 1128448K
  class space    used 12225K, capacity 13465K, committed 13488K, reserved 1048576K

Card table byte_map: [0x0000000011bb0000,0x0000000011fc0000] byte_map_base: 0x00000000117b0000

Marking Bits: (ParMarkBitMap*) 0x000000006ae4f030
 Begin Bits: [0x0000000012a70000, 0x0000000014a70000)
 End Bits:   [0x0000000014a70000, 0x0000000016a70000)

Polling page: 0x0000000000dc0000

CodeCache: size=245760Kb used=32229Kb max_used=32229Kb free=213530Kb
 bounds [0x00000000027f0000, 0x0000000004790000, 0x00000000117f0000]
 total_blobs=11550 nmethods=10690 adapters=772
 compilation: enabled

Compilation events (10 events):
Event: 19.427 Thread 0x00000000196b0000 nmethod 12616 0x000000000478cd50 code [0x000000000478cf60, 0x000000000478d9a8]
Event: 19.427 Thread 0x00000000196b0000 12617       3       com.android.build.gradle.internal.tasks.MergeJavaResourcesDelegateKt::access$getJAR_ABI_PATTERN$p (4 bytes)
Event: 19.427 Thread 0x00000000196b0000 nmethod 12617 0x000000000478ddd0 code [0x000000000478df20, 0x000000000478e050]
Event: 19.427 Thread 0x00000000196b0000 12690       2       com.android.tools.r8.graph.c0$b::<init> (7 bytes)
Event: 19.427 Thread 0x00000000196b0000 nmethod 12690 0x000000000478e0d0 code [0x000000000478e220, 0x000000000478e390]
Event: 19.427 Thread 0x00000000196b0000 12622       1       com.android.tools.r8.graph.l0::K (2 bytes)
Event: 19.428 Thread 0x00000000196b0000 nmethod 12622 0x000000000478e410 code [0x000000000478e560, 0x000000000478e670]
Event: 19.428 Thread 0x00000000196b0000 12691       2       com.android.tools.r8.dex.n$c::a (53 bytes)
Event: 19.428 Thread 0x00000000196b0000 nmethod 12691 0x000000000478e6d0 code [0x000000000478e860, 0x000000000478ec78]
Event: 19.428 Thread 0x00000000196b0000 12709       2       com.android.tools.r8.dex.n::d (498 bytes)

GC Heap History (10 events):
Event: 9.663 GC heap before
{Heap before GC invocations=15 (full 3):
 PSYoungGen      total 219648K, used 10652K [0x00000000d5580000, 0x00000000e4700000, 0x0000000100000000)
  eden space 200192K, 0% used [0x00000000d5580000,0x00000000d5580000,0x00000000e1900000)
  from space 19456K, 54% used [0x00000000e2b80000,0x00000000e35e7310,0x00000000e3e80000)
  to   space 18944K, 0% used [0x00000000e1900000,0x00000000e1900000,0x00000000e2b80000)
 ParOldGen       total 81408K, used 34552K [0x0000000080000000, 0x0000000084f80000, 0x00000000d5580000)
  object space 81408K, 42% used [0x0000000080000000,0x00000000821be048,0x0000000084f80000)
 Metaspace       used 56763K, capacity 59054K, committed 59160K, reserved 1099776K
  class space    used 7773K, capacity 8218K, committed 8240K, reserved 1048576K
Event: 9.932 GC heap after
Heap after GC invocations=15 (full 3):
 PSYoungGen      total 219648K, used 0K [0x00000000d5580000, 0x00000000e4700000, 0x0000000100000000)
  eden space 200192K, 0% used [0x00000000d5580000,0x00000000d5580000,0x00000000e1900000)
  from space 19456K, 0% used [0x00000000e2b80000,0x00000000e2b80000,0x00000000e3e80000)
  to   space 18944K, 0% used [0x00000000e1900000,0x00000000e1900000,0x00000000e2b80000)
 ParOldGen       total 120832K, used 29709K [0x0000000080000000, 0x0000000087600000, 0x00000000d5580000)
  object space 120832K, 24% used [0x0000000080000000,0x0000000081d03640,0x0000000087600000)
 Metaspace       used 56718K, capacity 58904K, committed 59160K, reserved 1099776K
  class space    used 7760K, capacity 8193K, committed 8240K, reserved 1048576K
}
Event: 12.086 GC heap before
{Heap before GC invocations=16 (full 3):
 PSYoungGen      total 219648K, used 200192K [0x00000000d5580000, 0x00000000e4700000, 0x0000000100000000)
  eden space 200192K, 100% used [0x00000000d5580000,0x00000000e1900000,0x00000000e1900000)
  from space 19456K, 0% used [0x00000000e2b80000,0x00000000e2b80000,0x00000000e3e80000)
  to   space 18944K, 0% used [0x00000000e1900000,0x00000000e1900000,0x00000000e2b80000)
 ParOldGen       total 120832K, used 29709K [0x0000000080000000, 0x0000000087600000, 0x00000000d5580000)
  object space 120832K, 24% used [0x0000000080000000,0x0000000081d03640,0x0000000087600000)
 Metaspace       used 64580K, capacity 67806K, committed 67992K, reserved 1107968K
  class space    used 8961K, capacity 9592K, committed 9648K, reserved 1048576K
Event: 12.099 GC heap after
Heap after GC invocations=16 (full 3):
 PSYoungGen      total 219136K, used 16489K [0x00000000d5580000, 0x00000000e6a80000, 0x0000000100000000)
  eden space 200192K, 0% used [0x00000000d5580000,0x00000000d5580000,0x00000000e1900000)
  from space 18944K, 87% used [0x00000000e1900000,0x00000000e291a5f8,0x00000000e2b80000)
  to   space 20992K, 0% used [0x00000000e5600000,0x00000000e5600000,0x00000000e6a80000)
 ParOldGen       total 120832K, used 29717K [0x0000000080000000, 0x0000000087600000, 0x00000000d5580000)
  object space 120832K, 24% used [0x0000000080000000,0x0000000081d05640,0x0000000087600000)
 Metaspace       used 64580K, capacity 67806K, committed 67992K, reserved 1107968K
  class space    used 8961K, capacity 9592K, committed 9648K, reserved 1048576K
}
Event: 15.085 GC heap before
{Heap before GC invocations=17 (full 3):
 PSYoungGen      total 219136K, used 216681K [0x00000000d5580000, 0x00000000e6a80000, 0x0000000100000000)
  eden space 200192K, 100% used [0x00000000d5580000,0x00000000e1900000,0x00000000e1900000)
  from space 18944K, 87% used [0x00000000e1900000,0x00000000e291a5f8,0x00000000e2b80000)
  to   space 20992K, 0% used [0x00000000e5600000,0x00000000e5600000,0x00000000e6a80000)
 ParOldGen       total 120832K, used 29717K [0x0000000080000000, 0x0000000087600000, 0x00000000d5580000)
  object space 120832K, 24% used [0x0000000080000000,0x0000000081d05640,0x0000000087600000)
 Metaspace       used 68329K, capacity 71732K, committed 71960K, reserved 1112064K
  class space    used 9372K, capacity 10031K, committed 10032K, reserved 1048576K
Event: 15.098 GC heap after
Heap after GC invocations=17 (full 3):
 PSYoungGen      total 253952K, used 18027K [0x00000000d5580000, 0x00000000e6800000, 0x0000000100000000)
  eden space 235520K, 0% used [0x00000000d5580000,0x00000000d5580000,0x00000000e3b80000)
  from space 18432K, 97% used [0x00000000e5600000,0x00000000e679acd8,0x00000000e6800000)
  to   space 22528K, 0% used [0x00000000e3c00000,0x00000000e3c00000,0x00000000e5200000)
 ParOldGen       total 120832K, used 29725K [0x0000000080000000, 0x0000000087600000, 0x00000000d5580000)
  object space 120832K, 24% used [0x0000000080000000,0x0000000081d07640,0x0000000087600000)
 Metaspace       used 68329K, capacity 71732K, committed 71960K, reserved 1112064K
  class space    used 9372K, capacity 10031K, committed 10032K, reserved 1048576K
}
Event: 17.591 GC heap before
{Heap before GC invocations=18 (full 3):
 PSYoungGen      total 253952K, used 253547K [0x00000000d5580000, 0x00000000e6800000, 0x0000000100000000)
  eden space 235520K, 100% used [0x00000000d5580000,0x00000000e3b80000,0x00000000e3b80000)
  from space 18432K, 97% used [0x00000000e5600000,0x00000000e679acd8,0x00000000e6800000)
  to   space 22528K, 0% used [0x00000000e3c00000,0x00000000e3c00000,0x00000000e5200000)
 ParOldGen       total 120832K, used 29725K [0x0000000080000000, 0x0000000087600000, 0x00000000d5580000)
  object space 120832K, 24% used [0x0000000080000000,0x0000000081d07640,0x0000000087600000)
 Metaspace       used 78274K, capacity 82504K, committed 82712K, reserved 1120256K
  class space    used 10723K, capacity 11506K, committed 11568K, reserved 1048576K
Event: 17.621 GC heap after
Heap after GC invocations=18 (full 3):
 PSYoungGen      total 258048K, used 22510K [0x00000000d5580000, 0x00000000e6800000, 0x0000000100000000)
  eden space 235520K, 0% used [0x00000000d5580000,0x00000000d5580000,0x00000000e3b80000)
  from space 22528K, 99% used [0x00000000e3c00000,0x00000000e51fb9d0,0x00000000e5200000)
  to   space 18432K, 0% used [0x00000000e5600000,0x00000000e5600000,0x00000000e6800000)
 ParOldGen       total 120832K, used 39886K [0x0000000080000000, 0x0000000087600000, 0x00000000d5580000)
  object space 120832K, 33% used [0x0000000080000000,0x00000000826f3bc8,0x0000000087600000)
 Metaspace       used 78274K, capacity 82504K, committed 82712K, reserved 1120256K
  class space    used 10723K, capacity 11506K, committed 11568K, reserved 1048576K
}
Event: 19.295 GC heap before
{Heap before GC invocations=19 (full 3):
 PSYoungGen      total 258048K, used 258030K [0x00000000d5580000, 0x00000000e6800000, 0x0000000100000000)
  eden space 235520K, 100% used [0x00000000d5580000,0x00000000e3b80000,0x00000000e3b80000)
  from space 22528K, 99% used [0x00000000e3c00000,0x00000000e51fb9d0,0x00000000e5200000)
  to   space 18432K, 0% used [0x00000000e5600000,0x00000000e5600000,0x00000000e6800000)
 ParOldGen       total 120832K, used 39886K [0x0000000080000000, 0x0000000087600000, 0x00000000d5580000)
  object space 120832K, 33% used [0x0000000080000000,0x00000000826f3bc8,0x0000000087600000)
 Metaspace       used 87096K, capacity 93140K, committed 93336K, reserved 1128448K
  class space    used 12225K, capacity 13464K, committed 13488K, reserved 1048576K
Event: 19.336 GC heap after
Heap after GC invocations=19 (full 3):
 PSYoungGen      total 253952K, used 18418K [0x00000000d5580000, 0x00000000e6800000, 0x0000000100000000)
  eden space 235520K, 0% used [0x00000000d5580000,0x00000000d5580000,0x00000000e3b80000)
  from space 18432K, 99% used [0x00000000e5600000,0x00000000e67fc968,0x00000000e6800000)
  to   space 22528K, 0% used [0x00000000e3c00000,0x00000000e3c00000,0x00000000e5200000)
 ParOldGen       total 120832K, used 75792K [0x0000000080000000, 0x0000000087600000, 0x00000000d5580000)
  object space 120832K, 62% used [0x0000000080000000,0x0000000084a041f0,0x0000000087600000)
 Metaspace       used 87096K, capacity 93140K, committed 93336K, reserved 1128448K
  class space    used 12225K, capacity 13464K, committed 13488K, reserved 1048576K
}

Deoptimization events (10 events):
Event: 19.082 Thread 0x00000000218d9800 Uncommon trap: reason=unstable_if action=reinterpret pc=0x00000000033481e8 method=sun.nio.fs.WindowsPath.getParent()Lsun/nio/fs/WindowsPath; @ 37
Event: 19.110 Thread 0x00000000218d9800 Uncommon trap: reason=unstable_if action=reinterpret pc=0x0000000002ca6ae8 method=sun.nio.fs.WindowsPath.getParent()Lsun/nio/fs/WindowsPath; @ 37
Event: 19.126 Thread 0x000000001fd00000 Uncommon trap: reason=unstable_if action=reinterpret pc=0x0000000003ce5bd8 method=java.lang.Long.parseLong(Ljava/lang/String;I)J @ 124
Event: 19.262 Thread 0x000000001fd05800 Uncommon trap: reason=unstable_if action=reinterpret pc=0x0000000003124170 method=java.util.Arrays.hashCode([Ljava/lang/Object;)I @ 1
Event: 19.262 Thread 0x000000001fd06000 Uncommon trap: reason=unstable_if action=reinterpret pc=0x0000000003124170 method=java.util.Arrays.hashCode([Ljava/lang/Object;)I @ 1
Event: 19.262 Thread 0x000000001fd07000 Uncommon trap: reason=unstable_if action=reinterpret pc=0x0000000003124170 method=java.util.Arrays.hashCode([Ljava/lang/Object;)I @ 1
Event: 19.262 Thread 0x000000001fd08800 Uncommon trap: reason=unstable_if action=reinterpret pc=0x0000000003124170 method=java.util.Arrays.hashCode([Ljava/lang/Object;)I @ 1
Event: 19.277 Thread 0x000000001fcfe800 Uncommon trap: reason=unstable_if action=reinterpret pc=0x0000000002b40898 method=java.util.concurrent.ConcurrentLinkedQueue.offer(Ljava/lang/Object;)Z @ 40
Event: 19.356 Thread 0x00000000218d9800 Uncommon trap: reason=unstable_if action=reinterpret pc=0x000000000454b39c method=java.util.stream.StreamOpFlag.getMask(I)I @ 1
Event: 19.360 Thread 0x000000001fd09000 Uncommon trap: reason=unstable_if action=reinterpret pc=0x0000000003d6f170 method=com.android.tools.r8.graph.g0.computeEquals(Ljava/lang/Object;)Z @ 37

Classes redefined (0 events):
No events

Internal exceptions (10 events):
Event: 18.464 Thread 0x000000001fd01000 Exception <a 'sun/nio/fs/WindowsException'> (0x00000000dc4f46d8) thrown at [C:\src\AOSP-openjdk-git\hotspot\src\share\vm\prims\jni.cpp, line 710]
Event: 18.467 Thread 0x000000001fd01000 Exception <a 'sun/nio/fs/WindowsException'> (0x00000000dc6d5a38) thrown at [C:\src\AOSP-openjdk-git\hotspot\src\share\vm\prims\jni.cpp, line 710]
Event: 18.469 Thread 0x000000001fd01000 Exception <a 'sun/nio/fs/WindowsException'> (0x00000000dc6dbc28) thrown at [C:\src\AOSP-openjdk-git\hotspot\src\share\vm\prims\jni.cpp, line 710]
Event: 18.768 Thread 0x000000001b6a3800 Implicit null exception at 0x00000000044e9c80 to 0x00000000044ea415
Event: 18.939 Thread 0x00000000218dc800 Exception <a 'java/lang/NoSuchMethodError': <clinit>> (0x00000000df252f80) thrown at [C:\src\AOSP-openjdk-git\hotspot\src\share\vm\prims\jni.cpp, line 1615]
Event: 19.032 Thread 0x000000001fd00000 Exception <a 'sun/nio/fs/WindowsException'> (0x00000000dff887c0) thrown at [C:\src\AOSP-openjdk-git\hotspot\src\share\vm\prims\jni.cpp, line 710]
Event: 19.262 Thread 0x000000001fd06000 Implicit null exception at 0x000000000312406f to 0x0000000003124161
Event: 19.262 Thread 0x000000001fd05800 Implicit null exception at 0x000000000312406f to 0x0000000003124161
Event: 19.262 Thread 0x000000001fd07000 Implicit null exception at 0x000000000312406f to 0x0000000003124161
Event: 19.262 Thread 0x000000001fd08800 Implicit null exception at 0x000000000312406f to 0x0000000003124161

Events (10 events):
Event: 19.356 Thread 0x00000000218d9800 DEOPT PACKING pc=0x000000000454b39c sp=0x000000002d3dde80
Event: 19.356 Thread 0x00000000218d9800 DEOPT UNPACKING pc=0x000000000283557b sp=0x000000002d3ddd58 mode 2
Event: 19.356 loading class com/android/builder/merge/RenameIncrementalFileMergerInput
Event: 19.356 loading class com/android/builder/merge/RenameIncrementalFileMergerInput done
Event: 19.358 Thread 0x00000000218d9800 DEOPT PACKING pc=0x0000000003d20991 sp=0x000000002d3dd9e0
Event: 19.358 Thread 0x00000000218d9800 DEOPT UNPACKING pc=0x00000000028375d0 sp=0x000000002d3dd790 mode 0
Event: 19.360 Thread 0x000000001fd09000 Uncommon trap: trap_request=0xffffff65 fr.pc=0x0000000003d6f170
Event: 19.360 Thread 0x000000001fd09000 DEOPT PACKING pc=0x0000000003d6f170 sp=0x00000000322be8d0
Event: 19.360 Thread 0x000000001fd09000 DEOPT UNPACKING pc=0x000000000283557b sp=0x00000000322be878 mode 2
Event: 19.431 Executing VM operation: RevokeBias


Dynamic libraries:
0x00007ff7d5150000 - 0x00007ff7d5181000 	C:\Program Files\Android\Android Studio1\jre\bin\java.exe
0x00007ffb52050000 - 0x00007ffb52245000 	C:\WINDOWS\SYSTEM32\ntdll.dll
0x00007ffb50130000 - 0x00007ffb501ed000 	C:\WINDOWS\System32\KERNEL32.DLL
0x00007ffb4f9d0000 - 0x00007ffb4fc98000 	C:\WINDOWS\System32\KERNELBASE.dll
0x00007ffb51600000 - 0x00007ffb516ac000 	C:\WINDOWS\System32\ADVAPI32.dll
0x00007ffb50a40000 - 0x00007ffb50ade000 	C:\WINDOWS\System32\msvcrt.dll
0x00007ffb51560000 - 0x00007ffb515fb000 	C:\WINDOWS\System32\sechost.dll
0x00007ffb50bc0000 - 0x00007ffb50ceb000 	C:\WINDOWS\System32\RPCRT4.dll
0x00007ffb501f0000 - 0x00007ffb50390000 	C:\WINDOWS\System32\USER32.dll
0x00007ffb50080000 - 0x00007ffb500a2000 	C:\WINDOWS\System32\win32u.dll
0x00007ffb50610000 - 0x00007ffb5063a000 	C:\WINDOWS\System32\GDI32.dll
0x00007ffb4fda0000 - 0x00007ffb4feab000 	C:\WINDOWS\System32\gdi32full.dll
0x00007ffb4ff30000 - 0x00007ffb4ffcd000 	C:\WINDOWS\System32\msvcp_win.dll
0x00007ffb4fca0000 - 0x00007ffb4fda0000 	C:\WINDOWS\System32\ucrtbase.dll
0x00007ffb34980000 - 0x00007ffb34c1a000 	C:\WINDOWS\WinSxS\amd64_microsoft.windows.common-controls_6595b64144ccf1df_6.0.19041.844_none_ca00b6081b84eb1d\COMCTL32.dll
0x00007ffb506b0000 - 0x00007ffb506e0000 	C:\WINDOWS\System32\IMM32.DLL
0x000000006b420000 - 0x000000006b4f2000 	C:\Program Files\Android\Android Studio1\jre\jre\bin\msvcr100.dll
0x000000006a680000 - 0x000000006aecb000 	C:\Program Files\Android\Android Studio1\jre\jre\bin\server\jvm.dll
0x00007ffb505f0000 - 0x00007ffb505f8000 	C:\WINDOWS\System32\PSAPI.DLL
0x00007ffb34e70000 - 0x00007ffb34e97000 	C:\WINDOWS\SYSTEM32\WINMM.dll
0x00007ffb442c0000 - 0x00007ffb442ca000 	C:\WINDOWS\SYSTEM32\VERSION.dll
0x00007ffb46740000 - 0x00007ffb46749000 	C:\WINDOWS\SYSTEM32\WSOCK32.dll
0x00007ffb50640000 - 0x00007ffb506ab000 	C:\WINDOWS\System32\WS2_32.dll
0x00007ffb428e0000 - 0x00007ffb428ef000 	C:\Program Files\Android\Android Studio1\jre\jre\bin\verify.dll
0x00007ffb2faf0000 - 0x00007ffb2fb19000 	C:\Program Files\Android\Android Studio1\jre\jre\bin\java.dll
0x00007ffb12c50000 - 0x00007ffb12c66000 	C:\Program Files\Android\Android Studio1\jre\jre\bin\zip.dll
0x00007ffb50e10000 - 0x00007ffb51552000 	C:\WINDOWS\System32\SHELL32.dll
0x00007ffb4d8b0000 - 0x00007ffb4e041000 	C:\WINDOWS\SYSTEM32\windows.storage.dll
0x00007ffb506e0000 - 0x00007ffb50a35000 	C:\WINDOWS\System32\combase.dll
0x00007ffb4f200000 - 0x00007ffb4f22c000 	C:\WINDOWS\SYSTEM32\Wldp.dll
0x00007ffb51930000 - 0x00007ffb519de000 	C:\WINDOWS\System32\SHCORE.dll
0x00007ffb51fb0000 - 0x00007ffb52005000 	C:\WINDOWS\System32\shlwapi.dll
0x00007ffb4f6d0000 - 0x00007ffb4f6ef000 	C:\WINDOWS\SYSTEM32\profapi.dll
0x00007ffb12c30000 - 0x00007ffb12c4a000 	C:\Program Files\Android\Android Studio1\jre\jre\bin\net.dll
0x00007ffb4ef70000 - 0x00007ffb4efda000 	C:\WINDOWS\system32\mswsock.dll
0x00007ffb12c10000 - 0x00007ffb12c23000 	C:\Program Files\Android\Android Studio1\jre\jre\bin\nio.dll
0x00007ffb10fb0000 - 0x00007ffb10fd7000 	C:\Users\Ankit kumar\.gradle\native\f6784746aeab05261644944871eae4fe03e0ef1612fff0a4a95f87b438bc6780\windows-amd64\native-platform.dll
0x00007ffb41d70000 - 0x00007ffb41d7d000 	C:\Program Files\Android\Android Studio1\jre\jre\bin\management.dll
0x00007ffb4f140000 - 0x00007ffb4f158000 	C:\WINDOWS\SYSTEM32\CRYPTSP.dll
0x00007ffb4e8a0000 - 0x00007ffb4e8d4000 	C:\WINDOWS\system32\rsaenh.dll
0x00007ffb4f790000 - 0x00007ffb4f7b7000 	C:\WINDOWS\System32\bcrypt.dll
0x00007ffb4f690000 - 0x00007ffb4f6be000 	C:\WINDOWS\SYSTEM32\USERENV.dll
0x00007ffb4feb0000 - 0x00007ffb4ff30000 	C:\WINDOWS\System32\bcryptprimitives.dll
0x00007ffb4f160000 - 0x00007ffb4f16c000 	C:\WINDOWS\SYSTEM32\CRYPTBASE.dll
0x00007ffb4ec10000 - 0x00007ffb4ec4b000 	C:\WINDOWS\SYSTEM32\IPHLPAPI.DLL
0x00007ffb51fa0000 - 0x00007ffb51fa8000 	C:\WINDOWS\System32\NSI.dll
0x00007ffb44430000 - 0x00007ffb44447000 	C:\WINDOWS\SYSTEM32\dhcpcsvc6.DLL
0x00007ffb44410000 - 0x00007ffb4442d000 	C:\WINDOWS\SYSTEM32\dhcpcsvc.DLL
0x00007ffb4ec50000 - 0x00007ffb4ed1c000 	C:\WINDOWS\SYSTEM32\DNSAPI.dll
0x00007ffb459e0000 - 0x00007ffb459eb000 	C:\WINDOWS\SYSTEM32\WINNSI.DLL

VM Arguments:
jvm_args: -Xmx2048m -Dfile.encoding=UTF-8 -Duser.country=IN -Duser.language=en -Duser.variant 
java_command: org.gradle.launcher.daemon.bootstrap.GradleDaemon 6.5
java_class_path (initial): C:\Users\Ankit kumar\.gradle\wrapper\dists\gradle-6.5-bin\6nifqtx7604sqp1q6g8wikw7p\gradle-6.5\lib\gradle-launcher-6.5.jar
Launcher Type: SUN_STANDARD

Environment Variables:
PATH=C:\Users\Ankit kumar\AppData\Local\Android\Sdk\platform-tools;C:\Windows;C:\Windows\System32\Wbem;C:\Windows\System32\WindowsPowerShell\v1.0\;C:\Windows\System32\OpenSSH\;C:\Program Files (x86)\NVIDIA Corporation\PhysX\Common;C:\Program Files\Intel\WiFi\bin\;C:\Program Files\Common Files\Intel\WirelessCommon\;C:\Program Files\Java\jdk-11.0.5\bin;C:\WINDOWS\system32;C:\WINDOWS;C:\WINDOWS\System32\Wbem;C:\WINDOWS\System32\WindowsPowerShell\v1.0\;C:\WINDOWS\System32\OpenSSH\;C:\Program Files\Git\cmd;C:\Program Files\PuTTY\;C:\Users\Ankit kumar\AppData\Local\Microsoft\WindowsApps;C:\Users\Ankit kumar\AppData\Local\GitHubDesktop\bin;C:\Users\Ankit kumar\AppData\Local\atom\bin
USERNAME=Ankit kumar
OS=Windows_NT
PROCESSOR_IDENTIFIER=Intel64 Family 6 Model 142 Stepping 12, GenuineIntel



---------------  S Y S T E M  ---------------

OS: Windows 10.0 , 64 bit Build 19041 (10.0.19041.928)

CPU:total 8 (initial active 8) (4 cores per cpu, 2 threads per core) family 6 model 142 stepping 12, cmov, cx8, fxsr, mmx, sse, sse2, sse3, ssse3, sse4.1, sse4.2, popcnt, avx, avx2, aes, clmul, erms, 3dnowpref, lzcnt, ht, tsc, tscinvbit, bmi1, bmi2, adx

Memory: 4k page, physical 8236416k(869712k free), swap 8236416k(5120k free)

vm_info: OpenJDK 64-Bit Server VM (25.242-b01) for windows-amd64 JRE (1.8.0_242-release-1644-b01), built by "builder" with MS VC++ 10.0 (VS2010)

time: Tue May 04 19:43:57 2021
timezone: India Standard Time
elapsed time: 19 seconds (0d 0h 0m 19s)

