#
# There is insufficient memory for the Java Runtime Environment to continue.
# Native memory allocation (malloc) failed to allocate 1892016 bytes for Chunk::new
# Possible reasons:
#   The system is out of physical RAM or swap space
#   The process is running with CompressedOops enabled, and the Java Heap may be blocking the growth of the native heap
# Possible solutions:
#   Reduce memory load on the system
#   Increase physical memory or swap space
#   Check if swap backing store is full
#   Decrease Java heap size (-Xmx/-Xms)
#   Decrease number of Java threads
#   Decrease Java thread stack sizes (-Xss)
#   Set larger code cache with -XX:ReservedCodeCacheSize=
#   JVM is running with Unscaled Compressed Oops mode in which the Java heap is
#     placed in the first 4GB address space. The Java Heap base address is the
#     maximum limit for the native heap growth. Please use -XX:HeapBaseMinAddress
#     to set the Java Heap base and to place the Java Heap above 4GB virtual address.
# This output file may be truncated or incomplete.
#
#  Out of Memory Error (allocation.cpp:389), pid=236, tid=0x0000000000000b68
#
# JRE version: OpenJDK Runtime Environment (8.0_242-b01) (build 1.8.0_242-release-1644-b01)
# Java VM: OpenJDK 64-Bit Server VM (25.242-b01 mixed mode windows-amd64 compressed oops)
# Failed to write core dump. Minidumps are not enabled by default on client versions of Windows
#

---------------  T H R E A D  ---------------

Current thread (0x0000000019299000):  JavaThread "C2 CompilerThread2" daemon [_thread_in_native, id=2920, stack(0x0000000019d60000,0x0000000019e60000)]

Stack: [0x0000000019d60000,0x0000000019e60000]
[error occurred during error reporting (printing stack bounds), id 0xc0000005]

Native frames: (J=compiled Java code, j=interpreted, Vv=VM code, C=native code)


Current CompileTask:
C2:  16542 10522       4       org.gradle.internal.instantiation.generator.AbstractClassGenerator::inspectType (560 bytes)


---------------  P R O C E S S  ---------------

Java Threads: ( => current thread )
  0x000000002012e800 JavaThread "ForkJoinPool-2-worker-0" daemon [_thread_blocked, id=13356, stack(0x000000002f550000,0x000000002f650000)]
  0x000000002012d800 JavaThread "ForkJoinPool-2-worker-7" daemon [_thread_blocked, id=9768, stack(0x000000002f450000,0x000000002f550000)]
  0x0000000020133800 JavaThread "ForkJoinPool-2-worker-6" daemon [_thread_blocked, id=6060, stack(0x000000002f350000,0x000000002f450000)]
  0x0000000020131800 JavaThread "ForkJoinPool-2-worker-5" daemon [_thread_blocked, id=2332, stack(0x000000002f250000,0x000000002f350000)]
  0x0000000020130800 JavaThread "ForkJoinPool-2-worker-4" daemon [_thread_blocked, id=11788, stack(0x000000002f150000,0x000000002f250000)]
  0x0000000020133000 JavaThread "ForkJoinPool-2-worker-3" daemon [_thread_blocked, id=11328, stack(0x000000002f050000,0x000000002f150000)]
  0x000000002012c800 JavaThread "ForkJoinPool-2-worker-2" daemon [_thread_blocked, id=3684, stack(0x000000002ef50000,0x000000002f050000)]
  0x0000000020132000 JavaThread "ForkJoinPool-2-worker-1" daemon [_thread_blocked, id=11140, stack(0x000000002ee50000,0x000000002ef50000)]
  0x000000001ed42800 JavaThread "stdout" [_thread_in_native, id=7320, stack(0x000000002e430000,0x000000002e530000)]
  0x000000001ed43800 JavaThread "stderr" [_thread_in_native, id=1760, stack(0x000000002e330000,0x000000002e430000)]
  0x000000001ed42000 JavaThread "stdout" [_thread_in_native, id=6960, stack(0x000000002e230000,0x000000002e330000)]
  0x000000001ed40800 JavaThread "stderr" [_thread_in_native, id=6000, stack(0x000000002e130000,0x000000002e230000)]
  0x000000001ed3f800 JavaThread "stdout" [_thread_in_native, id=1208, stack(0x000000002e030000,0x000000002e130000)]
  0x000000001ed3f000 JavaThread "stderr" [_thread_in_native, id=12708, stack(0x000000002df30000,0x000000002e030000)]
  0x000000001ed41000 JavaThread "stdout" [_thread_in_native, id=7428, stack(0x000000002de30000,0x000000002df30000)]
  0x000000001ed3e000 JavaThread "stderr" [_thread_in_native, id=4712, stack(0x000000002dd30000,0x000000002de30000)]
  0x000000001ed38800 JavaThread "stdout" [_thread_in_native, id=1972, stack(0x000000002dc30000,0x000000002dd30000)]
  0x000000001ed38000 JavaThread "stderr" [_thread_in_native, id=4864, stack(0x000000002db30000,0x000000002dc30000)]
  0x000000001ed39800 JavaThread "stdout" [_thread_in_native, id=11208, stack(0x000000002da30000,0x000000002db30000)]
  0x000000001ed3b800 JavaThread "stderr" [_thread_in_native, id=3108, stack(0x000000002d930000,0x000000002da30000)]
  0x000000001ed3a000 JavaThread "stdout" [_thread_in_native, id=13140, stack(0x000000002d830000,0x000000002d930000)]
  0x000000001ed3d800 JavaThread "stderr" [_thread_in_native, id=3408, stack(0x000000002d730000,0x000000002d830000)]
  0x000000001ed3c800 JavaThread "pool-2-thread-1" [_thread_blocked, id=9728, stack(0x000000002d510000,0x000000002d610000)]
  0x000000001ed34000 JavaThread "MarlinRenderer Disposer" daemon [_thread_blocked, id=12908, stack(0x000000002d630000,0x000000002d730000)]
  0x000000001ed3b000 JavaThread "Java2D Disposer" daemon [_thread_blocked, id=6572, stack(0x000000002d350000,0x000000002d450000)]
  0x000000001ed36800 JavaThread "WorkerExecutor Queue Thread 7" [_thread_blocked, id=7912, stack(0x000000002ce50000,0x000000002cf50000)]
  0x000000001ed35800 JavaThread "WorkerExecutor Queue Thread 6" [_thread_blocked, id=7336, stack(0x000000002cd50000,0x000000002ce50000)]
  0x000000001f838800 JavaThread "WorkerExecutor Queue Thread 5" [_thread_blocked, id=12260, stack(0x000000002cc50000,0x000000002cd50000)]
  0x000000001f835000 JavaThread "WorkerExecutor Queue Thread 4" [_thread_blocked, id=10564, stack(0x000000002cb50000,0x000000002cc50000)]
  0x000000001f837000 JavaThread "WorkerExecutor Queue Thread 3" [_thread_blocked, id=6256, stack(0x000000002ca50000,0x000000002cb50000)]
  0x000000001f833800 JavaThread "WorkerExecutor Queue Thread 2" [_thread_blocked, id=3404, stack(0x000000002c5f0000,0x000000002c6f0000)]
  0x000000001f835800 JavaThread "WorkerExecutor Queue" [_thread_blocked, id=11876, stack(0x000000002c750000,0x000000002c850000)]
  0x000000001f839800 JavaThread "Cache worker for execution history cache (C:\Users\Ankit kumar\AndroidStudioProjects\SignUpandIn\.gradle\6.5\executionHistory)" [_thread_blocked, id=4624, stack(0x000000002c2f0000,0x000000002c3f0000)]
  0x000000001fcb0000 JavaThread "Execution worker for ':' Thread 7" [_thread_blocked, id=10120, stack(0x000000002c1f0000,0x000000002c2f0000)]
  0x000000001fcae000 JavaThread "Execution worker for ':' Thread 6" [_thread_blocked, id=10116, stack(0x000000002c0f0000,0x000000002c1f0000)]
  0x000000001fcac000 JavaThread "Execution worker for ':' Thread 5" [_thread_blocked, id=6880, stack(0x000000002bff0000,0x000000002c0f0000)]
  0x000000001fca9000 JavaThread "Execution worker for ':' Thread 4" [_thread_blocked, id=8228, stack(0x000000002bef0000,0x000000002bff0000)]
  0x000000001fcab800 JavaThread "Execution worker for ':' Thread 3" [_thread_blocked, id=7432, stack(0x000000002bdf0000,0x000000002bef0000)]
  0x000000001fcaa800 JavaThread "Execution worker for ':' Thread 2" [_thread_blocked, id=1360, stack(0x000000002bcf0000,0x000000002bdf0000)]
  0x000000001fcaf800 JavaThread "Execution worker for ':'" [_thread_blocked, id=1976, stack(0x000000002a9e0000,0x000000002aae0000)]
  0x000000001fcae800 JavaThread "Cache worker for file content cache (C:\Users\Ankit kumar\AndroidStudioProjects\SignUpandIn\.gradle\6.5\fileContent)" [_thread_blocked, id=14136, stack(0x000000002a400000,0x000000002a500000)]
  0x000000001fcaa000 JavaThread "Memory manager" [_thread_blocked, id=3848, stack(0x0000000029420000,0x0000000029520000)]
  0x000000001fcad000 JavaThread "pool-1-thread-1" [_thread_blocked, id=14168, stack(0x0000000029320000,0x0000000029420000)]
  0x0000000020172800 JavaThread "Cache worker for Build Output Cleanup Cache (C:\Users\Ankit kumar\AndroidStudioProjects\SignUpandIn\.gradle\buildOutputCleanup)" [_thread_blocked, id=6988, stack(0x00000000267e0000,0x00000000268e0000)]
  0x0000000020171000 JavaThread "jar transforms Thread 92" [_thread_blocked, id=14236, stack(0x0000000029220000,0x0000000029320000)]
  0x0000000020170000 JavaThread "jar transforms Thread 91" [_thread_blocked, id=4056, stack(0x0000000029120000,0x0000000029220000)]
  0x000000002016f800 JavaThread "jar transforms Thread 90" [_thread_blocked, id=32, stack(0x0000000029020000,0x0000000029120000)]
  0x0000000020167800 JavaThread "jar transforms Thread 89" [_thread_blocked, id=8320, stack(0x0000000028f20000,0x0000000029020000)]
  0x000000002016e000 JavaThread "jar transforms Thread 88" [_thread_blocked, id=9312, stack(0x0000000028e20000,0x0000000028f20000)]
  0x000000002016e800 JavaThread "jar transforms Thread 87" [_thread_blocked, id=9480, stack(0x0000000028d20000,0x0000000028e20000)]
  0x0000000020166000 JavaThread "jar transforms Thread 86" [_thread_blocked, id=11764, stack(0x0000000028c20000,0x0000000028d20000)]
  0x000000002016d000 JavaThread "jar transforms Thread 85" [_thread_blocked, id=2468, stack(0x0000000028b20000,0x0000000028c20000)]
  0x0000000020165800 JavaThread "jar transforms Thread 84" [_thread_blocked, id=2272, stack(0x0000000028a20000,0x0000000028b20000)]
  0x000000002016c000 JavaThread "jar transforms Thread 83" [_thread_blocked, id=8388, stack(0x0000000028920000,0x0000000028a20000)]
  0x0000000020168800 JavaThread "jar transforms Thread 82" [_thread_blocked, id=9096, stack(0x0000000028820000,0x0000000028920000)]
  0x0000000020164800 JavaThread "jar transforms Thread 81" [_thread_blocked, id=9900, stack(0x0000000028720000,0x0000000028820000)]
  0x000000002016b800 JavaThread "jar transforms Thread 80" [_thread_blocked, id=4412, stack(0x0000000028620000,0x0000000028720000)]
  0x0000000020164000 JavaThread "jar transforms Thread 79" [_thread_blocked, id=2552, stack(0x0000000028520000,0x0000000028620000)]
  0x0000000020167000 JavaThread "jar transforms Thread 78" [_thread_blocked, id=4544, stack(0x0000000028420000,0x0000000028520000)]
  0x000000002016a800 JavaThread "jar transforms Thread 77" [_thread_blocked, id=10388, stack(0x0000000028320000,0x0000000028420000)]
  0x0000000020163000 JavaThread "jar transforms Thread 76" [_thread_blocked, id=11628, stack(0x0000000028220000,0x0000000028320000)]
  0x0000000020169000 JavaThread "jar transforms Thread 75" [_thread_blocked, id=6768, stack(0x0000000028120000,0x0000000028220000)]
  0x000000002016a000 JavaThread "jar transforms Thread 74" [_thread_blocked, id=14056, stack(0x0000000028020000,0x0000000028120000)]
  0x000000001b54f800 JavaThread "jar transforms Thread 73" [_thread_blocked, id=9452, stack(0x0000000027f20000,0x0000000028020000)]
  0x000000001b54e000 JavaThread "jar transforms Thread 72" [_thread_blocked, id=10372, stack(0x0000000027e20000,0x0000000027f20000)]
  0x000000001b54b800 JavaThread "jar transforms Thread 71" [_thread_blocked, id=9912, stack(0x0000000027d20000,0x0000000027e20000)]
  0x000000001b54d000 JavaThread "jar transforms Thread 70" [_thread_blocked, id=11304, stack(0x0000000027c20000,0x0000000027d20000)]
  0x000000001b54e800 JavaThread "jar transforms Thread 69" [_thread_blocked, id=11796, stack(0x0000000027b20000,0x0000000027c20000)]
  0x000000001b54c800 JavaThread "jar transforms Thread 68" [_thread_blocked, id=8552, stack(0x0000000027a20000,0x0000000027b20000)]
  0x000000001b544000 JavaThread "jar transforms Thread 67" [_thread_blocked, id=11172, stack(0x0000000027920000,0x0000000027a20000)]
  0x000000001b54b000 JavaThread "jar transforms Thread 66" [_thread_blocked, id=5992, stack(0x0000000027820000,0x0000000027920000)]
  0x000000001b54a000 JavaThread "jar transforms Thread 65" [_thread_blocked, id=3504, stack(0x0000000027720000,0x0000000027820000)]
  0x000000001b549800 JavaThread "jar transforms Thread 64" [_thread_blocked, id=12380, stack(0x0000000027620000,0x0000000027720000)]
  0x000000001b548800 JavaThread "jar transforms Thread 63" [_thread_blocked, id=12544, stack(0x0000000027520000,0x0000000027620000)]
  0x000000001b543800 JavaThread "jar transforms Thread 62" [_thread_blocked, id=12148, stack(0x0000000027420000,0x0000000027520000)]
  0x000000001b541000 JavaThread "jar transforms Thread 61" [_thread_blocked, id=6632, stack(0x0000000027320000,0x0000000027420000)]
  0x000000001b542000 JavaThread "jar transforms Thread 60" [_thread_blocked, id=10132, stack(0x0000000027220000,0x0000000027320000)]
  0x000000001b548000 JavaThread "jar transforms Thread 59" [_thread_blocked, id=8496, stack(0x0000000027120000,0x0000000027220000)]
  0x000000001b540800 JavaThread "jar transforms Thread 58" [_thread_blocked, id=9460, stack(0x0000000027020000,0x0000000027120000)]
  0x000000001b546800 JavaThread "jar transforms Thread 57" [_thread_blocked, id=10256, stack(0x0000000026f20000,0x0000000027020000)]
  0x000000001b545800 JavaThread "jar transforms Thread 56" [_thread_blocked, id=6648, stack(0x0000000026e20000,0x0000000026f20000)]
  0x000000001b545000 JavaThread "jar transforms Thread 55" [_thread_blocked, id=11360, stack(0x0000000026d20000,0x0000000026e20000)]
  0x000000001b547000 JavaThread "jar transforms Thread 54" [_thread_blocked, id=132, stack(0x0000000026c20000,0x0000000026d20000)]
  0x000000001b542800 JavaThread "jar transforms Thread 53" [_thread_blocked, id=2628, stack(0x0000000026b20000,0x0000000026c20000)]
  0x000000001a88d000 JavaThread "jar transforms Thread 52" [_thread_blocked, id=3304, stack(0x0000000026a20000,0x0000000026b20000)]
  0x000000001a88e000 JavaThread "jar transforms Thread 51" [_thread_blocked, id=12352, stack(0x0000000026920000,0x0000000026a20000)]
  0x000000001a891000 JavaThread "jar transforms Thread 50" [_thread_blocked, id=8600, stack(0x00000000264e0000,0x00000000265e0000)]
  0x000000001a88b800 JavaThread "jar transforms Thread 49" [_thread_blocked, id=1796, stack(0x00000000263e0000,0x00000000264e0000)]
  0x000000001a889800 JavaThread "jar transforms Thread 48" [_thread_blocked, id=6284, stack(0x00000000262e0000,0x00000000263e0000)]
  0x000000001a88b000 JavaThread "jar transforms Thread 47" [_thread_blocked, id=3044, stack(0x00000000261e0000,0x00000000262e0000)]
  0x000000001a88f800 JavaThread "jar transforms Thread 46" [_thread_blocked, id=9448, stack(0x00000000260e0000,0x00000000261e0000)]
  0x000000001a88c800 JavaThread "jar transforms Thread 45" [_thread_blocked, id=12280, stack(0x0000000025fe0000,0x00000000260e0000)]
  0x000000001a88a000 JavaThread "jar transforms Thread 44" [_thread_blocked, id=12304, stack(0x0000000025ee0000,0x0000000025fe0000)]
  0x000000001a890000 JavaThread "jar transforms Thread 43" [_thread_blocked, id=11112, stack(0x0000000025de0000,0x0000000025ee0000)]
  0x000000001a88e800 JavaThread "jar transforms Thread 42" [_thread_blocked, id=14220, stack(0x0000000025ce0000,0x0000000025de0000)]
  0x000000001a882000 JavaThread "jar transforms Thread 41" [_thread_blocked, id=1576, stack(0x0000000025be0000,0x0000000025ce0000)]
  0x000000001a884000 JavaThread "jar transforms Thread 40" [_thread_blocked, id=5432, stack(0x0000000025ae0000,0x0000000025be0000)]
  0x000000001a888000 JavaThread "jar transforms Thread 39" [_thread_blocked, id=1544, stack(0x00000000259e0000,0x0000000025ae0000)]
  0x000000001a887000 JavaThread "jar transforms Thread 38" [_thread_blocked, id=8284, stack(0x00000000258e0000,0x00000000259e0000)]
  0x000000001a885000 JavaThread "jar transforms Thread 37" [_thread_blocked, id=13764, stack(0x00000000257e0000,0x00000000258e0000)]
  0x000000001a888800 JavaThread "jar transforms Thread 36" [_thread_blocked, id=2440, stack(0x00000000256e0000,0x00000000257e0000)]
  0x000000001a883800 JavaThread "jar transforms Thread 35" [_thread_blocked, id=11080, stack(0x00000000255e0000,0x00000000256e0000)]
  0x000000001a882800 JavaThread "jar transforms Thread 34" [_thread_blocked, id=11400, stack(0x00000000254e0000,0x00000000255e0000)]
  0x000000001a886800 JavaThread "jar transforms Thread 33" [_thread_blocked, id=13944, stack(0x00000000253e0000,0x00000000254e0000)]
  0x000000001a885800 JavaThread "jar transforms Thread 32" [_thread_blocked, id=1384, stack(0x00000000252e0000,0x00000000253e0000)]
  0x0000000020f06000 JavaThread "jar transforms Thread 31" [_thread_blocked, id=7316, stack(0x00000000251e0000,0x00000000252e0000)]
  0x0000000020f04800 JavaThread "jar transforms Thread 30" [_thread_blocked, id=12264, stack(0x00000000250e0000,0x00000000251e0000)]
  0x0000000020f01000 JavaThread "jar transforms Thread 29" [_thread_blocked, id=1364, stack(0x0000000024fe0000,0x00000000250e0000)]
  0x0000000020f04000 JavaThread "jar transforms Thread 28" [_thread_blocked, id=8724, stack(0x0000000024ee0000,0x0000000024fe0000)]
  0x0000000020f01800 JavaThread "jar transforms Thread 27" [_thread_blocked, id=14004, stack(0x0000000024de0000,0x0000000024ee0000)]
  0x0000000020f03000 JavaThread "jar transforms Thread 26" [_thread_blocked, id=13704, stack(0x0000000024ce0000,0x0000000024de0000)]
  0x0000000020f02800 JavaThread "jar transforms Thread 25" [_thread_blocked, id=11144, stack(0x0000000024be0000,0x0000000024ce0000)]
  0x0000000020f05800 JavaThread "jar transforms Thread 24" [_thread_blocked, id=12668, stack(0x0000000024ae0000,0x0000000024be0000)]
  0x0000000020ef9800 JavaThread "jar transforms Thread 23" [_thread_blocked, id=7724, stack(0x00000000249e0000,0x0000000024ae0000)]
  0x0000000020f00000 JavaThread "jar transforms Thread 22" [_thread_blocked, id=11792, stack(0x00000000248e0000,0x00000000249e0000)]
  0x0000000020eff800 JavaThread "jar transforms Thread 21" [_thread_blocked, id=4364, stack(0x00000000247e0000,0x00000000248e0000)]
  0x0000000020efe800 JavaThread "jar transforms Thread 20" [_thread_blocked, id=10056, stack(0x00000000246e0000,0x00000000247e0000)]
  0x0000000020ef7000 JavaThread "jar transforms Thread 19" [_thread_blocked, id=11404, stack(0x00000000245e0000,0x00000000246e0000)]
  0x0000000020efe000 JavaThread "jar transforms Thread 18" [_thread_blocked, id=11480, stack(0x00000000244e0000,0x00000000245e0000)]
  0x0000000020efd000 JavaThread "jar transforms Thread 17" [_thread_blocked, id=6584, stack(0x00000000243e0000,0x00000000244e0000)]
  0x0000000020efb000 JavaThread "jar transforms Thread 16" [_thread_blocked, id=13080, stack(0x00000000242e0000,0x00000000243e0000)]
  0x0000000020ef8000 JavaThread "jar transforms Thread 15" [_thread_blocked, id=3212, stack(0x00000000241e0000,0x00000000242e0000)]
  0x0000000020efa000 JavaThread "jar transforms Thread 14" [_thread_blocked, id=7456, stack(0x00000000240e0000,0x00000000241e0000)]
  0x0000000020efc800 JavaThread "jar transforms Thread 13" [_thread_blocked, id=13064, stack(0x0000000023fe0000,0x00000000240e0000)]
  0x0000000020efb800 JavaThread "jar transforms Thread 12" [_thread_blocked, id=11076, stack(0x0000000023ee0000,0x0000000023fe0000)]
  0x0000000020ef8800 JavaThread "jar transforms Thread 11" [_thread_blocked, id=5060, stack(0x0000000023de0000,0x0000000023ee0000)]
  0x000000002140d800 JavaThread "jar transforms Thread 10" [_thread_blocked, id=456, stack(0x0000000023ce0000,0x0000000023de0000)]
  0x000000002140d000 JavaThread "jar transforms Thread 9" [_thread_blocked, id=14316, stack(0x0000000023be0000,0x0000000023ce0000)]
  0x0000000021413800 JavaThread "jar transforms Thread 8" [_thread_blocked, id=8372, stack(0x0000000023ae0000,0x0000000023be0000)]
  0x0000000021412000 JavaThread "jar transforms Thread 7" [_thread_blocked, id=3436, stack(0x00000000239e0000,0x0000000023ae0000)]
  0x000000002140f000 JavaThread "jar transforms Thread 6" [_thread_blocked, id=11836, stack(0x00000000238e0000,0x00000000239e0000)]
  0x000000002140c000 JavaThread "jar transforms Thread 5" [_thread_blocked, id=10488, stack(0x00000000237e0000,0x00000000238e0000)]
  0x0000000021411800 JavaThread "jar transforms Thread 4" [_thread_blocked, id=3396, stack(0x00000000236e0000,0x00000000237e0000)]
  0x000000002140e800 JavaThread "jar transforms Thread 3" [_thread_blocked, id=588, stack(0x00000000235e0000,0x00000000236e0000)]
  0x0000000021410800 JavaThread "jar transforms Thread 2" [_thread_blocked, id=556, stack(0x00000000234e0000,0x00000000235e0000)]
  0x0000000021413000 JavaThread "Build operations Thread 8" [_thread_blocked, id=10912, stack(0x00000000232e0000,0x00000000233e0000)]
  0x0000000021410000 JavaThread "Build operations Thread 7" [_thread_blocked, id=13532, stack(0x00000000231e0000,0x00000000232e0000)]
  0x0000000021404800 JavaThread "Build operations Thread 6" [_thread_blocked, id=10316, stack(0x00000000230e0000,0x00000000231e0000)]
  0x000000002140b800 JavaThread "Build operations Thread 5" [_thread_blocked, id=7824, stack(0x0000000022fe0000,0x00000000230e0000)]
  0x000000002140a000 JavaThread "Build operations Thread 4" [_thread_blocked, id=9048, stack(0x0000000022ee0000,0x0000000022fe0000)]
  0x000000002140a800 JavaThread "Build operations Thread 3" [_thread_blocked, id=10540, stack(0x0000000022de0000,0x0000000022ee0000)]
  0x0000000021408800 JavaThread "Build operations Thread 2" [_thread_blocked, id=2040, stack(0x0000000022ce0000,0x0000000022de0000)]
  0x0000000021407800 JavaThread "Build operations" [_thread_blocked, id=6896, stack(0x0000000022be0000,0x0000000022ce0000)]
  0x000000001bd6f800 JavaThread "Cache worker for file content cache (C:\Users\Ankit kumar\.gradle\caches\6.5\fileContent)" [_thread_blocked, id=272, stack(0x00000000224e0000,0x00000000225e0000)]
  0x000000001bd71800 JavaThread "jar transforms" [_thread_blocked, id=4316, stack(0x00000000223e0000,0x00000000224e0000)]
  0x000000001bd6e800 JavaThread "Cache worker for execution history cache (C:\Users\Ankit kumar\.gradle\caches\6.5\executionHistory)" [_thread_blocked, id=6472, stack(0x0000000021ce0000,0x0000000021de0000)]
  0x000000001bd71000 JavaThread "Cache worker for cache directory md-rule (C:\Users\Ankit kumar\.gradle\caches\6.5\md-rule)" [_thread_blocked, id=7900, stack(0x0000000021be0000,0x0000000021ce0000)]
  0x000000001bd74000 JavaThread "Cache worker for cache directory md-supplier (C:\Users\Ankit kumar\.gradle\caches\6.5\md-supplier)" [_thread_blocked, id=14172, stack(0x0000000020890000,0x0000000020990000)]
  0x000000001bd70000 JavaThread "Cache worker for checksums cache (C:\Users\Ankit kumar\AndroidStudioProjects\SignUpandIn\.gradle\checksums)" [_thread_blocked, id=11056, stack(0x0000000020590000,0x0000000020690000)]
  0x000000001bd74800 JavaThread "Cache worker for file hash cache (C:\Users\Ankit kumar\AndroidStudioProjects\SignUpandIn\.gradle\6.5\fileHashes)" [_thread_blocked, id=14324, stack(0x000000001e480000,0x000000001e580000)]
  0x000000001bd72800 JavaThread "Cache worker for file hash cache (C:\Users\Ankit kumar\.gradle\caches\6.5\fileHashes)" [_thread_blocked, id=6772, stack(0x000000001e180000,0x000000001e280000)]
  0x000000001bd75800 JavaThread "File lock request listener" [_thread_in_native, id=1988, stack(0x000000001e080000,0x000000001e180000)]
  0x000000001bec2000 JavaThread "Cache worker for journal cache (C:\Users\Ankit kumar\.gradle\caches\journal-1)" [_thread_blocked, id=10352, stack(0x000000001df80000,0x000000001e080000)]
  0x000000001a446800 JavaThread "Thread-9" [_thread_blocked, id=14300, stack(0x000000001dc80000,0x000000001dd80000)]
  0x000000001a445800 JavaThread "Stdin handler" [_thread_blocked, id=14104, stack(0x000000001db80000,0x000000001dc80000)]
  0x000000001a4a4800 JavaThread "Asynchronous log dispatcher for DefaultDaemonConnection: socket connection from /127.0.0.1:52050 to /127.0.0.1:52051" [_thread_blocked, id=3608, stack(0x000000001da80000,0x000000001db80000)]
  0x000000001a456000 JavaThread "Daemon worker" [_thread_blocked, id=10520, stack(0x000000001d980000,0x000000001da80000)]
  0x000000001bea0000 JavaThread "Cancel handler" [_thread_blocked, id=1424, stack(0x000000001d880000,0x000000001d980000)]
  0x000000001a340800 JavaThread "Handler for socket connection from /127.0.0.1:52050 to /127.0.0.1:52051" [_thread_in_native, id=6824, stack(0x000000001d580000,0x000000001d680000)]
  0x000000001a33a800 JavaThread "Daemon" [_thread_blocked, id=12484, stack(0x000000001d480000,0x000000001d580000)]
  0x000000001c00f800 JavaThread "Daemon periodic checks" [_thread_blocked, id=4476, stack(0x000000001d380000,0x000000001d480000)]
  0x000000001aed5800 JavaThread "Incoming local TCP Connector on port 52050" [_thread_in_native, id=13792, stack(0x000000001d140000,0x000000001d240000)]
  0x000000001ba32800 JavaThread "Daemon health stats" [_thread_blocked, id=13912, stack(0x000000001cb00000,0x000000001cc00000)]
  0x000000001932a800 JavaThread "Service Thread" daemon [_thread_blocked, id=10508, stack(0x0000000019f60000,0x000000001a060000)]
  0x00000000192a9000 JavaThread "C1 CompilerThread3" daemon [_thread_in_vm, id=5204, stack(0x0000000019e60000,0x0000000019f60000)]
=>0x0000000019299000 JavaThread "C2 CompilerThread2" daemon [_thread_in_native, id=2920, stack(0x0000000019d60000,0x0000000019e60000)]
  0x000000001748c800 JavaThread "C2 CompilerThread1" daemon [_thread_in_native, id=13044, stack(0x0000000019c60000,0x0000000019d60000)]
  0x0000000017489800 JavaThread "C2 CompilerThread0" daemon [_thread_in_native, id=13800, stack(0x0000000019b60000,0x0000000019c60000)]
  0x0000000019296000 JavaThread "Attach Listener" daemon [_thread_blocked, id=13180, stack(0x0000000019a60000,0x0000000019b60000)]
  0x0000000019295000 JavaThread "Signal Dispatcher" daemon [_thread_blocked, id=10000, stack(0x0000000019960000,0x0000000019a60000)]
  0x000000000240e000 JavaThread "Finalizer" daemon [_thread_blocked, id=9424, stack(0x0000000019760000,0x0000000019860000)]
  0x0000000002407000 JavaThread "Reference Handler" daemon [_thread_blocked, id=10268, stack(0x0000000019660000,0x0000000019760000)]
  0x00000000001de800 JavaThread "main" [_thread_blocked, id=9744, stack(0x0000000002210000,0x0000000002310000)]

Other Threads:
  0x0000000017476000 VMThread [stack: 0x0000000019160000,0x0000000019260000] [id=11472]
  0x000000001932b800 WatcherThread [stack: 0x000000001a060000,0x000000001a160000] [id=11636]

VM state:not at safepoint (normal execution)

VM Mutex/Monitor currently owned by a thread:  ([mutex/lock_event])
[0x00000000023110d0] MethodData_lock - owner thread: 0x0000000000000000

heap address: 0x0000000080000000, size: 2048 MB, Compressed Oops mode: 32-bit
Narrow klass base: 0x0000000000000000, Narrow klass shift: 3
Compressed class space size: 1073741824 Address: 0x0000000100000000

Heap:
 PSYoungGen      total 254976K, used 119779K [0x00000000d5580000, 0x00000000e6580000, 0x0000000100000000)
  eden space 231424K, 41% used [0x00000000d5580000,0x00000000db3804e0,0x00000000e3780000)
  from space 23552K, 99% used [0x00000000e3780000,0x00000000e4e78a20,0x00000000e4e80000)
  to   space 20992K, 0% used [0x00000000e5100000,0x00000000e5100000,0x00000000e6580000)
 ParOldGen       total 122368K, used 47017K [0x0000000080000000, 0x0000000087780000, 0x00000000d5580000)
  object space 122368K, 38% used [0x0000000080000000,0x0000000082dea550,0x0000000087780000)
 Metaspace       used 79748K, capacity 84098K, committed 84248K, reserved 1122304K
  class space    used 10983K, capacity 11776K, committed 11824K, reserved 1048576K

Card table byte_map: [0x00000000117d0000,0x0000000011be0000] byte_map_base: 0x00000000113d0000

Marking Bits: (ParMarkBitMap*) 0x000000006ae4f030
 Begin Bits: [0x0000000012690000, 0x0000000014690000)
 End Bits:   [0x0000000014690000, 0x0000000016690000)

Polling page: 0x0000000000900000

CodeCache: size=245760Kb used=29613Kb max_used=29858Kb free=216146Kb
 bounds [0x0000000002410000, 0x0000000004160000, 0x0000000011410000]
 total_blobs=10608 nmethods=9665 adapters=855
 compilation: enabled

Compilation events (10 events):
Event: 16.539 Thread 0x000000001748c800 nmethod 10782 0x00000000039faad0 code [0x00000000039fac20, 0x00000000039facb8]
Event: 16.539 Thread 0x000000001748c800 10783       4       com.android.tools.r8.code.F::<init> (6 bytes)
Event: 16.539 Thread 0x00000000192a9000 nmethod 11264 0x0000000004156c50 code [0x0000000004156dc0, 0x0000000004156f48]
Event: 16.539 Thread 0x00000000192a9000 11265       2       com.android.tools.r8.dex.P$g::addString (20 bytes)
Event: 16.540 Thread 0x00000000192a9000 nmethod 11265 0x0000000004156750 code [0x00000000041568e0, 0x0000000004156b08]
Event: 16.540 Thread 0x00000000192a9000 11266       2       com.android.tools.r8.dex.P$g::addType (20 bytes)
Event: 16.541 Thread 0x000000001748c800 nmethod 10783 0x0000000004156490 code [0x00000000041565e0, 0x0000000004156678]
Event: 16.541 Thread 0x000000001748c800 10808       4       com.android.tools.r8.code.V0::hashCode (63 bytes)
Event: 16.541 Thread 0x00000000192a9000 nmethod 11266 0x0000000004155f90 code [0x0000000004156120, 0x0000000004156348]
Event: 16.541 Thread 0x00000000192a9000 11267       1       com.android.tools.r8.dex.P$k::d (5 bytes)

GC Heap History (10 events):
Event: 8.934 GC heap before
{Heap before GC invocations=14 (full 2):
 PSYoungGen      total 171520K, used 43631K [0x00000000d5580000, 0x00000000e3b00000, 0x0000000100000000)
  eden space 158720K, 19% used [0x00000000d5580000,0x00000000d739cc10,0x00000000df080000)
  from space 12800K, 99% used [0x00000000df080000,0x00000000dfcff320,0x00000000dfd00000)
  to   space 19456K, 0% used [0x00000000e2800000,0x00000000e2800000,0x00000000e3b00000)
 ParOldGen       total 81920K, used 30096K [0x0000000080000000, 0x0000000085000000, 0x00000000d5580000)
  object space 81920K, 36% used [0x0000000080000000,0x0000000081d64190,0x0000000085000000)
 Metaspace       used 56700K, capacity 59006K, committed 59160K, reserved 1099776K
  class space    used 7756K, capacity 8226K, committed 8240K, reserved 1048576K
Event: 8.948 GC heap after
Heap after GC invocations=14 (full 2):
 PSYoungGen      total 216064K, used 10884K [0x00000000d5580000, 0x00000000e4080000, 0x0000000100000000)
  eden space 196608K, 0% used [0x00000000d5580000,0x00000000d5580000,0x00000000e1580000)
  from space 19456K, 55% used [0x00000000e2800000,0x00000000e32a1228,0x00000000e3b00000)
  to   space 18944K, 0% used [0x00000000e1580000,0x00000000e1580000,0x00000000e2800000)
 ParOldGen       total 81920K, used 34850K [0x0000000080000000, 0x0000000085000000, 0x00000000d5580000)
  object space 81920K, 42% used [0x0000000080000000,0x0000000082208930,0x0000000085000000)
 Metaspace       used 56700K, capacity 59006K, committed 59160K, reserved 1099776K
  class space    used 7756K, capacity 8226K, committed 8240K, reserved 1048576K
}
Event: 8.948 GC heap before
{Heap before GC invocations=15 (full 3):
 PSYoungGen      total 216064K, used 10884K [0x00000000d5580000, 0x00000000e4080000, 0x0000000100000000)
  eden space 196608K, 0% used [0x00000000d5580000,0x00000000d5580000,0x00000000e1580000)
  from space 19456K, 55% used [0x00000000e2800000,0x00000000e32a1228,0x00000000e3b00000)
  to   space 18944K, 0% used [0x00000000e1580000,0x00000000e1580000,0x00000000e2800000)
 ParOldGen       total 81920K, used 34850K [0x0000000080000000, 0x0000000085000000, 0x00000000d5580000)
  object space 81920K, 42% used [0x0000000080000000,0x0000000082208930,0x0000000085000000)
 Metaspace       used 56700K, capacity 59006K, committed 59160K, reserved 1099776K
  class space    used 7756K, capacity 8226K, committed 8240K, reserved 1048576K
Event: 9.180 GC heap after
Heap after GC invocations=15 (full 3):
 PSYoungGen      total 216064K, used 0K [0x00000000d5580000, 0x00000000e4080000, 0x0000000100000000)
  eden space 196608K, 0% used [0x00000000d5580000,0x00000000d5580000,0x00000000e1580000)
  from space 19456K, 0% used [0x00000000e2800000,0x00000000e2800000,0x00000000e3b00000)
  to   space 18944K, 0% used [0x00000000e1580000,0x00000000e1580000,0x00000000e2800000)
 ParOldGen       total 122368K, used 30092K [0x0000000080000000, 0x0000000087780000, 0x00000000d5580000)
  object space 122368K, 24% used [0x0000000080000000,0x0000000081d63230,0x0000000087780000)
 Metaspace       used 56698K, capacity 59000K, committed 59160K, reserved 1099776K
  class space    used 7755K, capacity 8225K, committed 8240K, reserved 1048576K
}
Event: 11.622 GC heap before
{Heap before GC invocations=16 (full 3):
 PSYoungGen      total 216064K, used 196608K [0x00000000d5580000, 0x00000000e4080000, 0x0000000100000000)
  eden space 196608K, 100% used [0x00000000d5580000,0x00000000e1580000,0x00000000e1580000)
  from space 19456K, 0% used [0x00000000e2800000,0x00000000e2800000,0x00000000e3b00000)
  to   space 18944K, 0% used [0x00000000e1580000,0x00000000e1580000,0x00000000e2800000)
 ParOldGen       total 122368K, used 30092K [0x0000000080000000, 0x0000000087780000, 0x00000000d5580000)
  object space 122368K, 24% used [0x0000000080000000,0x0000000081d63230,0x0000000087780000)
 Metaspace       used 64447K, capacity 67724K, committed 67992K, reserved 1107968K
  class space    used 8934K, capacity 9537K, committed 9648K, reserved 1048576K
Event: 11.637 GC heap after
Heap after GC invocations=16 (full 3):
 PSYoungGen      total 215552K, used 18914K [0x00000000d5580000, 0x00000000e6680000, 0x0000000100000000)
  eden space 196608K, 0% used [0x00000000d5580000,0x00000000d5580000,0x00000000e1580000)
  from space 18944K, 99% used [0x00000000e1580000,0x00000000e27f8a50,0x00000000e2800000)
  to   space 22016K, 0% used [0x00000000e5100000,0x00000000e5100000,0x00000000e6680000)
 ParOldGen       total 122368K, used 31793K [0x0000000080000000, 0x0000000087780000, 0x00000000d5580000)
  object space 122368K, 25% used [0x0000000080000000,0x0000000081f0c740,0x0000000087780000)
 Metaspace       used 64447K, capacity 67724K, committed 67992K, reserved 1107968K
  class space    used 8934K, capacity 9537K, committed 9648K, reserved 1048576K
}
Event: 13.951 GC heap before
{Heap before GC invocations=17 (full 3):
 PSYoungGen      total 215552K, used 215522K [0x00000000d5580000, 0x00000000e6680000, 0x0000000100000000)
  eden space 196608K, 100% used [0x00000000d5580000,0x00000000e1580000,0x00000000e1580000)
  from space 18944K, 99% used [0x00000000e1580000,0x00000000e27f8a50,0x00000000e2800000)
  to   space 22016K, 0% used [0x00000000e5100000,0x00000000e5100000,0x00000000e6680000)
 ParOldGen       total 122368K, used 31793K [0x0000000080000000, 0x0000000087780000, 0x00000000d5580000)
  object space 122368K, 25% used [0x0000000080000000,0x0000000081f0c740,0x0000000087780000)
 Metaspace       used 70778K, capacity 74286K, committed 74648K, reserved 1114112K
  class space    used 9655K, capacity 10292K, committed 10416K, reserved 1048576K
Event: 13.969 GC heap after
Heap after GC invocations=17 (full 3):
 PSYoungGen      total 252416K, used 16653K [0x00000000d5580000, 0x00000000e6580000, 0x0000000100000000)
  eden space 231424K, 0% used [0x00000000d5580000,0x00000000d5580000,0x00000000e3780000)
  from space 20992K, 79% used [0x00000000e5100000,0x00000000e6143450,0x00000000e6580000)
  to   space 23552K, 0% used [0x00000000e3780000,0x00000000e3780000,0x00000000e4e80000)
 ParOldGen       total 122368K, used 31801K [0x0000000080000000, 0x0000000087780000, 0x00000000d5580000)
  object space 122368K, 25% used [0x0000000080000000,0x0000000081f0e740,0x0000000087780000)
 Metaspace       used 70778K, capacity 74286K, committed 74648K, reserved 1114112K
  class space    used 9655K, capacity 10292K, committed 10416K, reserved 1048576K
}
Event: 15.709 GC heap before
{Heap before GC invocations=18 (full 3):
 PSYoungGen      total 252416K, used 248077K [0x00000000d5580000, 0x00000000e6580000, 0x0000000100000000)
  eden space 231424K, 100% used [0x00000000d5580000,0x00000000e3780000,0x00000000e3780000)
  from space 20992K, 79% used [0x00000000e5100000,0x00000000e6143450,0x00000000e6580000)
  to   space 23552K, 0% used [0x00000000e3780000,0x00000000e3780000,0x00000000e4e80000)
 ParOldGen       total 122368K, used 31801K [0x0000000080000000, 0x0000000087780000, 0x00000000d5580000)
  object space 122368K, 25% used [0x0000000080000000,0x0000000081f0e740,0x0000000087780000)
 Metaspace       used 75791K, capacity 79678K, committed 79896K, reserved 1118208K
  class space    used 10315K, capacity 11018K, committed 11056K, reserved 1048576K
Event: 15.738 GC heap after
Heap after GC invocations=18 (full 3):
 PSYoungGen      total 254976K, used 23522K [0x00000000d5580000, 0x00000000e6580000, 0x0000000100000000)
  eden space 231424K, 0% used [0x00000000d5580000,0x00000000d5580000,0x00000000e3780000)
  from space 23552K, 99% used [0x00000000e3780000,0x00000000e4e78a20,0x00000000e4e80000)
  to   space 20992K, 0% used [0x00000000e5100000,0x00000000e5100000,0x00000000e6580000)
 ParOldGen       total 122368K, used 47017K [0x0000000080000000, 0x0000000087780000, 0x00000000d5580000)
  object space 122368K, 38% used [0x0000000080000000,0x0000000082dea550,0x0000000087780000)
 Metaspace       used 75791K, capacity 79678K, committed 79896K, reserved 1118208K
  class space    used 10315K, capacity 11018K, committed 11056K, reserved 1048576K
}

Deoptimization events (10 events):
Event: 15.931 Thread 0x0000000020131800 Uncommon trap: reason=unstable_if action=reinterpret pc=0x0000000002d54470 method=java.util.Arrays.hashCode([Ljava/lang/Object;)I @ 1
Event: 15.931 Thread 0x000000002012e800 Uncommon trap: reason=unstable_if action=reinterpret pc=0x0000000002d54470 method=java.util.Arrays.hashCode([Ljava/lang/Object;)I @ 1
Event: 15.932 Thread 0x0000000020132000 Uncommon trap: reason=unstable_if action=reinterpret pc=0x0000000002d54470 method=java.util.Arrays.hashCode([Ljava/lang/Object;)I @ 1
Event: 15.932 Thread 0x000000002012c800 Uncommon trap: reason=unstable_if action=reinterpret pc=0x0000000002d54470 method=java.util.Arrays.hashCode([Ljava/lang/Object;)I @ 1
Event: 16.047 Thread 0x000000002012d800 Uncommon trap: reason=unstable_if action=reinterpret pc=0x0000000002587b58 method=java.util.concurrent.ConcurrentLinkedQueue.offer(Ljava/lang/Object;)Z @ 40
Event: 16.092 Thread 0x0000000020132000 Uncommon trap: reason=unstable_if action=reinterpret pc=0x0000000003fcbcc0 method=com.android.tools.r8.utils.Y.d(I)Z @ 45
Event: 16.102 Thread 0x000000001f833800 Uncommon trap: reason=class_check action=maybe_recompile pc=0x0000000003e2362c method=java.io.BufferedOutputStream.write([BII)V @ 20
Event: 16.103 Thread 0x000000001f833800 Uncommon trap: reason=class_check action=maybe_recompile pc=0x0000000003e2362c method=java.io.BufferedOutputStream.write([BII)V @ 20
Event: 16.103 Thread 0x000000001f833800 Uncommon trap: reason=class_check action=maybe_recompile pc=0x0000000003e2362c method=java.io.BufferedOutputStream.write([BII)V @ 20
Event: 16.104 Thread 0x000000001f833800 Uncommon trap: reason=class_check action=maybe_recompile pc=0x0000000003e2362c method=java.io.BufferedOutputStream.write([BII)V @ 20

Classes redefined (0 events):
No events

Internal exceptions (10 events):
Event: 15.875 Thread 0x000000001fca9000 Exception <a 'java/lang/NoSuchMethodError': <clinit>> (0x00000000d6f10ff0) thrown at [C:\src\AOSP-openjdk-git\hotspot\src\share\vm\prims\jni.cpp, line 1615]
Event: 15.877 Thread 0x000000001fca9000 Exception <a 'java/lang/NoSuchMethodError': <clinit>> (0x00000000d6f2fd40) thrown at [C:\src\AOSP-openjdk-git\hotspot\src\share\vm\prims\jni.cpp, line 1615]
Event: 15.884 Thread 0x000000001fca9000 Exception <a 'java/lang/NoSuchMethodError': <clinit>> (0x00000000d6fdc5b0) thrown at [C:\src\AOSP-openjdk-git\hotspot\src\share\vm\prims\jni.cpp, line 1615]
Event: 15.931 Thread 0x000000002012d800 Implicit null exception at 0x0000000002d5436f to 0x0000000002d54461
Event: 15.931 Thread 0x0000000020131800 Implicit null exception at 0x0000000002d5436f to 0x0000000002d54461
Event: 15.931 Thread 0x000000002012c800 Implicit null exception at 0x0000000002d5436f to 0x0000000002d54461
Event: 15.931 Thread 0x000000002012e800 Implicit null exception at 0x0000000002d5436f to 0x0000000002d54461
Event: 15.931 Thread 0x0000000020132000 Implicit null exception at 0x0000000002d5436f to 0x0000000002d54461
Event: 16.102 Thread 0x000000001f833800 Exception <a 'java/lang/NoSuchMethodError': java.lang.Object.lambda$negate$1(Ljava/lang/Object;)Z> (0x00000000d8ce33d8) thrown at [C:\src\AOSP-openjdk-git\hotspot\src\share\vm\interpreter\linkResolver.cpp, line 620]
Event: 16.186 Thread 0x000000001ed36800 Exception <a 'java/lang/IncompatibleClassChangeError': Found class java.lang.Object, but interface was expected> (0x00000000d9b6e7c8) thrown at [C:\src\AOSP-openjdk-git\hotspot\src\share\vm\interpreter\linkResolver.cpp, line 653]

Events (10 events):
Event: 16.539 Executing VM operation: RevokeBias
Event: 16.539 Executing VM operation: RevokeBias done
Event: 16.539 Executing VM operation: RevokeBias
Event: 16.540 Executing VM operation: RevokeBias done
Event: 16.540 Executing VM operation: RevokeBias
Event: 16.541 Executing VM operation: RevokeBias done
Event: 16.541 Executing VM operation: RevokeBias
Event: 16.541 Executing VM operation: RevokeBias done
Event: 16.541 Executing VM operation: RevokeBias
Event: 16.542 Executing VM operation: RevokeBias done


Dynamic libraries:
0x00007ff7d5150000 - 0x00007ff7d5181000 	C:\Program Files\Android\Android Studio1\jre\bin\java.exe
0x00007ffb52050000 - 0x00007ffb52245000 	C:\WINDOWS\SYSTEM32\ntdll.dll
0x00007ffb50130000 - 0x00007ffb501ed000 	C:\WINDOWS\System32\KERNEL32.DLL
0x00007ffb4f9d0000 - 0x00007ffb4fc98000 	C:\WINDOWS\System32\KERNELBASE.dll
0x00007ffb51600000 - 0x00007ffb516ac000 	C:\WINDOWS\System32\ADVAPI32.dll
0x00007ffb50a40000 - 0x00007ffb50ade000 	C:\WINDOWS\System32\msvcrt.dll
0x00007ffb51560000 - 0x00007ffb515fb000 	C:\WINDOWS\System32\sechost.dll
0x00007ffb50bc0000 - 0x00007ffb50ceb000 	C:\WINDOWS\System32\RPCRT4.dll
0x00007ffb501f0000 - 0x00007ffb50390000 	C:\WINDOWS\System32\USER32.dll
0x00007ffb50080000 - 0x00007ffb500a2000 	C:\WINDOWS\System32\win32u.dll
0x00007ffb50610000 - 0x00007ffb5063a000 	C:\WINDOWS\System32\GDI32.dll
0x00007ffb4fda0000 - 0x00007ffb4feab000 	C:\WINDOWS\System32\gdi32full.dll
0x00007ffb4ff30000 - 0x00007ffb4ffcd000 	C:\WINDOWS\System32\msvcp_win.dll
0x00007ffb4fca0000 - 0x00007ffb4fda0000 	C:\WINDOWS\System32\ucrtbase.dll
0x00007ffb34980000 - 0x00007ffb34c1a000 	C:\WINDOWS\WinSxS\amd64_microsoft.windows.common-controls_6595b64144ccf1df_6.0.19041.844_none_ca00b6081b84eb1d\COMCTL32.dll
0x00007ffb506b0000 - 0x00007ffb506e0000 	C:\WINDOWS\System32\IMM32.DLL
0x000000006b420000 - 0x000000006b4f2000 	C:\Program Files\Android\Android Studio1\jre\jre\bin\msvcr100.dll
0x000000006a680000 - 0x000000006aecb000 	C:\Program Files\Android\Android Studio1\jre\jre\bin\server\jvm.dll
0x00007ffb505f0000 - 0x00007ffb505f8000 	C:\WINDOWS\System32\PSAPI.DLL
0x00007ffb442c0000 - 0x00007ffb442ca000 	C:\WINDOWS\SYSTEM32\VERSION.dll
0x00007ffb46740000 - 0x00007ffb46749000 	C:\WINDOWS\SYSTEM32\WSOCK32.dll
0x00007ffb34e70000 - 0x00007ffb34e97000 	C:\WINDOWS\SYSTEM32\WINMM.dll
0x00007ffb50640000 - 0x00007ffb506ab000 	C:\WINDOWS\System32\WS2_32.dll
0x00007ffb428e0000 - 0x00007ffb428ef000 	C:\Program Files\Android\Android Studio1\jre\jre\bin\verify.dll
0x00007ffb2faf0000 - 0x00007ffb2fb19000 	C:\Program Files\Android\Android Studio1\jre\jre\bin\java.dll
0x00007ffb12c50000 - 0x00007ffb12c66000 	C:\Program Files\Android\Android Studio1\jre\jre\bin\zip.dll
0x00007ffb50e10000 - 0x00007ffb51552000 	C:\WINDOWS\System32\SHELL32.dll
0x00007ffb4d8b0000 - 0x00007ffb4e041000 	C:\WINDOWS\SYSTEM32\windows.storage.dll
0x00007ffb506e0000 - 0x00007ffb50a35000 	C:\WINDOWS\System32\combase.dll
0x00007ffb4f200000 - 0x00007ffb4f22c000 	C:\WINDOWS\SYSTEM32\Wldp.dll
0x00007ffb51930000 - 0x00007ffb519de000 	C:\WINDOWS\System32\SHCORE.dll
0x00007ffb51fb0000 - 0x00007ffb52005000 	C:\WINDOWS\System32\shlwapi.dll
0x00007ffb4f6d0000 - 0x00007ffb4f6ef000 	C:\WINDOWS\SYSTEM32\profapi.dll
0x00007ffb12c30000 - 0x00007ffb12c4a000 	C:\Program Files\Android\Android Studio1\jre\jre\bin\net.dll
0x00007ffb4ef70000 - 0x00007ffb4efda000 	C:\WINDOWS\system32\mswsock.dll
0x00007ffb12c10000 - 0x00007ffb12c23000 	C:\Program Files\Android\Android Studio1\jre\jre\bin\nio.dll
0x00007ffb10fb0000 - 0x00007ffb10fd7000 	C:\Users\Ankit kumar\.gradle\native\f6784746aeab05261644944871eae4fe03e0ef1612fff0a4a95f87b438bc6780\windows-amd64\native-platform.dll
0x00007ffb41d70000 - 0x00007ffb41d7d000 	C:\Program Files\Android\Android Studio1\jre\jre\bin\management.dll
0x00007ffb4f140000 - 0x00007ffb4f158000 	C:\WINDOWS\SYSTEM32\CRYPTSP.dll
0x00007ffb4e8a0000 - 0x00007ffb4e8d4000 	C:\WINDOWS\system32\rsaenh.dll
0x00007ffb4f790000 - 0x00007ffb4f7b7000 	C:\WINDOWS\System32\bcrypt.dll
0x00007ffb4f690000 - 0x00007ffb4f6be000 	C:\WINDOWS\SYSTEM32\USERENV.dll
0x00007ffb4feb0000 - 0x00007ffb4ff30000 	C:\WINDOWS\System32\bcryptprimitives.dll
0x00007ffb4f160000 - 0x00007ffb4f16c000 	C:\WINDOWS\SYSTEM32\CRYPTBASE.dll
0x00007ffb4ec10000 - 0x00007ffb4ec4b000 	C:\WINDOWS\SYSTEM32\IPHLPAPI.DLL
0x00007ffb51fa0000 - 0x00007ffb51fa8000 	C:\WINDOWS\System32\NSI.dll
0x00007ffb44430000 - 0x00007ffb44447000 	C:\WINDOWS\SYSTEM32\dhcpcsvc6.DLL
0x00007ffb44410000 - 0x00007ffb4442d000 	C:\WINDOWS\SYSTEM32\dhcpcsvc.DLL
0x00007ffb4ec50000 - 0x00007ffb4ed1c000 	C:\WINDOWS\SYSTEM32\DNSAPI.dll
0x00007ffb459e0000 - 0x00007ffb459eb000 	C:\WINDOWS\SYSTEM32\WINNSI.DLL
0x00007ffb0aaa0000 - 0x00007ffb0ac3c000 	C:\Program Files\Android\Android Studio1\jre\jre\bin\awt.dll
0x00007ffb51860000 - 0x00007ffb5192d000 	C:\WINDOWS\System32\OLEAUT32.dll
0x00007ffb49f20000 - 0x00007ffb49f4f000 	C:\WINDOWS\SYSTEM32\dwmapi.dll
0x00007ffb48340000 - 0x00007ffb48900000 	C:\WINDOWS\SYSTEM32\d2d1.dll
0x00007ffb49ab0000 - 0x00007ffb49b40000 	C:\WINDOWS\SYSTEM32\apphelp.dll
0x00007ffb49c50000 - 0x00007ffb49cee000 	C:\WINDOWS\system32\uxtheme.dll

VM Arguments:
jvm_args: -Xmx2048m -Dfile.encoding=UTF-8 -Duser.country=IN -Duser.language=en -Duser.variant 
java_command: org.gradle.launcher.daemon.bootstrap.GradleDaemon 6.5
java_class_path (initial): C:\Users\Ankit kumar\.gradle\wrapper\dists\gradle-6.5-bin\6nifqtx7604sqp1q6g8wikw7p\gradle-6.5\lib\gradle-launcher-6.5.jar
Launcher Type: SUN_STANDARD

Environment Variables:
PATH=C:\Users\Ankit kumar\AppData\Local\Android\Sdk\platform-tools;C:\Windows;C:\Windows\System32\Wbem;C:\Windows\System32\WindowsPowerShell\v1.0\;C:\Windows\System32\OpenSSH\;C:\Program Files (x86)\NVIDIA Corporation\PhysX\Common;C:\Program Files\Intel\WiFi\bin\;C:\Program Files\Common Files\Intel\WirelessCommon\;C:\Program Files\Java\jdk-11.0.5\bin;C:\WINDOWS\system32;C:\WINDOWS;C:\WINDOWS\System32\Wbem;C:\WINDOWS\System32\WindowsPowerShell\v1.0\;C:\WINDOWS\System32\OpenSSH\;C:\Program Files\Git\cmd;C:\Program Files\PuTTY\;C:\Users\Ankit kumar\AppData\Local\Microsoft\WindowsApps;C:\Users\Ankit kumar\AppData\Local\GitHubDesktop\bin;C:\Users\Ankit kumar\AppData\Local\atom\bin
USERNAME=Ankit kumar
OS=Windows_NT
PROCESSOR_IDENTIFIER=Intel64 Family 6 Model 142 Stepping 12, GenuineIntel



---------------  S Y S T E M  ---------------

OS: Windows 10.0 , 64 bit Build 19041 (10.0.19041.928)

CPU:total 8 (initial active 8) (4 cores per cpu, 2 threads per core) family 6 model 142 stepping 12, cmov, cx8, fxsr, mmx, sse, sse2, sse3, ssse3, sse4.1, sse4.2, popcnt, avx, avx2, aes, clmul, erms, 3dnowpref, lzcnt, ht, tsc, tscinvbit, bmi1, bmi2, adx

Memory: 4k page, physical 8236416k(884772k free), swap 8236416k(5464k free)

vm_info: OpenJDK 64-Bit Server VM (25.242-b01) for windows-amd64 JRE (1.8.0_242-release-1644-b01), built by "builder" with MS VC++ 10.0 (VS2010)

time: Tue May 04 19:43:20 2021
timezone: India Standard Time
elapsed time: 16 seconds (0d 0h 0m 16s)

